#
# There is insufficient memory for the Java Runtime Environment to continue.
# Native memory allocation (mmap) failed to map 70254592 bytes for committing reserved memory.
# Possible reasons:
#   The system is out of physical RAM or swap space
#   In 32 bit mode, the process size limit was hit
# Possible solutions:
#   Reduce memory load on the system
#   Increase physical memory or swap space
#   Check if swap backing store is full
#   Use 64 bit Java on a 64 bit OS
#   Decrease Java heap size (-Xmx/-Xms)
#   Decrease number of Java threads
#   Decrease Java thread stack sizes (-Xss)
#   Set larger code cache with -XX:ReservedCodeCacheSize=
# This output file may be truncated or incomplete.
#
#  Out of Memory Error (os_linux.cpp:2640), pid=19942, tid=0x00007fc001d4d700
#
# JRE version: Java(TM) SE Runtime Environment (8.0_181-b13) (build 1.8.0_181-b13)
# Java VM: Java HotSpot(TM) 64-Bit Server VM (25.181-b13 mixed mode linux-amd64 compressed oops)
# Failed to write core dump. Core dumps have been disabled. To enable core dumping, try "ulimit -c unlimited" before starting Java again
#

---------------  T H R E A D  ---------------

Current thread (0x00007fc014140800):  VMThread [stack: 0x00007fc001c4d000,0x00007fc001d4e000] [id=19953]

Stack: [0x00007fc001c4d000,0x00007fc001d4e000],  sp=0x00007fc001d4c1b0,  free space=1020k
Native frames: (J=compiled Java code, j=interpreted, Vv=VM code, C=native code)
V  [libjvm.so+0xad21aa]  VMError::report_and_die()+0x2ba
V  [libjvm.so+0x5022db]  report_vm_out_of_memory(char const*, int, unsigned long, VMErrorType, char const*)+0x8b
V  [libjvm.so+0x92fe33]  os::Linux::commit_memory_impl(char*, unsigned long, bool)+0x123
V  [libjvm.so+0x930059]  os::pd_commit_memory(char*, unsigned long, unsigned long, bool)+0x29
V  [libjvm.so+0x9272ba]  os::commit_memory(char*, unsigned long, unsigned long, bool)+0x2a
V  [libjvm.so+0x99d2e3]  PSVirtualSpace::expand_by(unsigned long)+0x53
V  [libjvm.so+0x99e6e8]  PSYoungGen::resize_generation(unsigned long, unsigned long)+0xf8
V  [libjvm.so+0x99d842]  PSYoungGen::resize(unsigned long, unsigned long)+0x22
V  [libjvm.so+0x99ab1b]  PSScavenge::invoke_no_policy()+0xf3b
V  [libjvm.so+0x995dc5]  PSParallelCompact::invoke(bool)+0x85
V  [libjvm.so+0x488e34]  CollectedHeap::collect_as_vm_thread(GCCause::Cause)+0x114
V  [libjvm.so+0xad3631]  VM_CollectForMetadataAllocation::doit()+0x161
V  [libjvm.so+0xadb745]  VM_Operation::evaluate()+0x55
V  [libjvm.so+0xad9b0a]  VMThread::evaluate_operation(VM_Operation*)+0xba
V  [libjvm.so+0xad9e8e]  VMThread::loop()+0x1ce
V  [libjvm.so+0xada300]  VMThread::run()+0x70
V  [libjvm.so+0x930198]  java_start(Thread*)+0x108

VM_Operation (0x00007fc000167340): CollectForMetadataAllocation, mode: safepoint, requested by thread 0x00007fc0149d3000


---------------  P R O C E S S  ---------------

Java Threads: ( => current thread )
  0x00007fc0149d3000 JavaThread "background-preinit" [_thread_blocked, id=19984, stack(0x00007fc00006d000,0x00007fc00016e000)]
  0x00007fbfbc064800 JavaThread "process reaper" daemon [_thread_blocked, id=19980, stack(0x00007fc0009b1000,0x00007fc0009ea000)]
  0x00007fc01422c800 JavaThread "surefire-forkedjvm-ping-30s" daemon [_thread_blocked, id=19977, stack(0x00007fc000d5e000,0x00007fc000e5f000)]
  0x00007fc01420c800 JavaThread "surefire-forkedjvm-command-thread" daemon [_thread_blocked, id=19963, stack(0x00007fc001068000,0x00007fc001169000)]
  0x00007fc014191000 JavaThread "Service Thread" daemon [_thread_blocked, id=19960, stack(0x00007fc00126a000,0x00007fc00136b000)]
  0x00007fc014186000 JavaThread "C1 CompilerThread2" daemon [_thread_blocked, id=19959, stack(0x00007fc00136b000,0x00007fc00146c000)]
  0x00007fc014184000 JavaThread "C2 CompilerThread1" daemon [_thread_blocked, id=19958, stack(0x00007fc00146c000,0x00007fc00156d000)]
  0x00007fc014181000 JavaThread "C2 CompilerThread0" daemon [_thread_blocked, id=19957, stack(0x00007fc00156d000,0x00007fc00166e000)]
  0x00007fc01417f800 JavaThread "Signal Dispatcher" daemon [_thread_blocked, id=19956, stack(0x00007fc00166e000,0x00007fc00176f000)]
  0x00007fc01414c800 JavaThread "Finalizer" daemon [_thread_blocked, id=19955, stack(0x00007fc001a4b000,0x00007fc001b4c000)]
  0x00007fc01414a000 JavaThread "Reference Handler" daemon [_thread_blocked, id=19954, stack(0x00007fc001b4c000,0x00007fc001c4d000)]
  0x00007fc01400b000 JavaThread "main" [_thread_blocked, id=19948, stack(0x00007fc01a833000,0x00007fc01a934000)]

Other Threads:
=>0x00007fc014140800 VMThread [stack: 0x00007fc001c4d000,0x00007fc001d4e000] [id=19953]
  0x00007fc014196000 WatcherThread [stack: 0x00007fc001169000,0x00007fc00126a000] [id=19961]

VM state:at safepoint (normal execution)

VM Mutex/Monitor currently owned by a thread:  ([mutex/lock_event])
[0x00007fc0140076d0] Threads_lock - owner thread: 0x00007fc014140800
[0x00007fc014007bd0] Heap_lock - owner thread: 0x00007fc0149d3000

Heap:
 PSYoungGen      total 68608K, used 5108K [0x00000000d7180000, 0x00000000db980000, 0x0000000100000000)
  eden space 63488K, 0% used [0x00000000d7180000,0x00000000d7180000,0x00000000daf80000)
  from space 5120K, 99% used [0x00000000daf80000,0x00000000db47d390,0x00000000db480000)
  to   space 5120K, 0% used [0x00000000db480000,0x00000000db480000,0x00000000db980000)
 ParOldGen       total 84992K, used 3344K [0x0000000085400000, 0x000000008a700000, 0x00000000d7180000)
  object space 84992K, 3% used [0x0000000085400000,0x0000000085744200,0x000000008a700000)
 Metaspace       used 19885K, capacity 21152K, committed 21248K, reserved 1067008K
  class space    used 2717K, capacity 2987K, committed 3072K, reserved 1048576K

Card table byte_map: [0x00007fc004015000,0x00007fc0043ec000] byte_map_base: 0x00007fc003beb000

Marking Bits: (ParMarkBitMap*) 0x00007fc019ce80a0
 Begin Bits: [0x00007fbff82a0000, 0x00007fbffa150000)
 End Bits:   [0x00007fbffa150000, 0x00007fbffc000000)

Polling page: 0x00007fc01a954000

CodeCache: size=245760Kb used=5291Kb max_used=5316Kb free=240468Kb
 bounds [0x00007fc0047ac000, 0x00007fc004cec000, 0x00007fc0137ac000]
 total_blobs=2045 nmethods=1673 adapters=285
 compilation: enabled

Compilation events (10 events):
Event: 43.288 Thread 0x00007fc014186000 1696       1       java.lang.reflect.Method::getRoot (5 bytes)
Event: 43.289 Thread 0x00007fc014186000 nmethod 1696 0x00007fc0048ccf50 code [0x00007fc0048cd0a0, 0x00007fc0048cd1b0]
Event: 43.786 Thread 0x00007fc014186000 1698       3       org.springframework.core.annotation.AttributeMethods::indexOf (37 bytes)
Event: 45.217 Thread 0x00007fc014181000 1704       4       org.springframework.util.Assert::notNull (14 bytes)
Event: 45.257 Thread 0x00007fc014186000 nmethod 1698 0x00007fc0048d3850 code [0x00007fc0048d39e0, 0x00007fc0048d3dc8]
Event: 45.257 Thread 0x00007fc014186000 1699       1       org.springframework.core.annotation.AttributeMethods::get (7 bytes)
Event: 45.685 Thread 0x00007fc014184000 nmethod 1688 0x00007fc0048ba390 code [0x00007fc0048ba560, 0x00007fc0048baf68]
Event: 45.834 Thread 0x00007fc014186000 nmethod 1699 0x00007fc0048af7d0 code [0x00007fc0048af920, 0x00007fc0048afa50]
Event: 46.106 Thread 0x00007fc014181000 nmethod 1704 0x00007fc0048cea90 code [0x00007fc0048cebe0, 0x00007fc0048cec38]
Event: 46.107 Thread 0x00007fc014186000 1700       3       jdk.internal.org.objectweb.asm.ClassWriter::visitEnd (1 bytes)

GC Heap History (9 events):
Event: 0.900 GC heap before
{Heap before GC invocations=1 (full 0):
 PSYoungGen      total 36864K, used 31744K [0x00000000d7180000, 0x00000000d9a80000, 0x0000000100000000)
  eden space 31744K, 100% used [0x00000000d7180000,0x00000000d9080000,0x00000000d9080000)
  from space 5120K, 0% used [0x00000000d9580000,0x00000000d9580000,0x00000000d9a80000)
  to   space 5120K, 0% used [0x00000000d9080000,0x00000000d9080000,0x00000000d9580000)
 ParOldGen       total 84992K, used 0K [0x0000000085400000, 0x000000008a700000, 0x00000000d7180000)
  object space 84992K, 0% used [0x0000000085400000,0x0000000085400000,0x000000008a700000)
 Metaspace       used 8856K, capacity 9516K, committed 9856K, reserved 1058816K
  class space    used 1133K, capacity 1291K, committed 1408K, reserved 1048576K
Event: 0.906 GC heap after
Heap after GC invocations=1 (full 0):
 PSYoungGen      total 36864K, used 4025K [0x00000000d7180000, 0x00000000d9a80000, 0x0000000100000000)
  eden space 31744K, 0% used [0x00000000d7180000,0x00000000d7180000,0x00000000d9080000)
  from space 5120K, 78% used [0x00000000d9080000,0x00000000d946e4c8,0x00000000d9580000)
  to   space 5120K, 0% used [0x00000000d9580000,0x00000000d9580000,0x00000000d9a80000)
 ParOldGen       total 84992K, used 16K [0x0000000085400000, 0x000000008a700000, 0x00000000d7180000)
  object space 84992K, 0% used [0x0000000085400000,0x0000000085404000,0x000000008a700000)
 Metaspace       used 8856K, capacity 9516K, committed 9856K, reserved 1058816K
  class space    used 1133K, capacity 1291K, committed 1408K, reserved 1048576K
}
Event: 1.770 GC heap before
{Heap before GC invocations=2 (full 0):
 PSYoungGen      total 36864K, used 35769K [0x00000000d7180000, 0x00000000d9a80000, 0x0000000100000000)
  eden space 31744K, 100% used [0x00000000d7180000,0x00000000d9080000,0x00000000d9080000)
  from space 5120K, 78% used [0x00000000d9080000,0x00000000d946e4c8,0x00000000d9580000)
  to   space 5120K, 0% used [0x00000000d9580000,0x00000000d9580000,0x00000000d9a80000)
 ParOldGen       total 84992K, used 16K [0x0000000085400000, 0x000000008a700000, 0x00000000d7180000)
  object space 84992K, 0% used [0x0000000085400000,0x0000000085404000,0x000000008a700000)
 Metaspace       used 12500K, capacity 13434K, committed 13696K, reserved 1060864K
  class space    used 1585K, capacity 1794K, committed 1920K, reserved 1048576K
Event: 1.785 GC heap after
Heap after GC invocations=2 (full 0):
 PSYoungGen      total 36864K, used 5108K [0x00000000d7180000, 0x00000000d9a80000, 0x0000000100000000)
  eden space 31744K, 0% used [0x00000000d7180000,0x00000000d7180000,0x00000000d9080000)
  from space 5120K, 99% used [0x00000000d9580000,0x00000000d9a7d020,0x00000000d9a80000)
  to   space 5120K, 0% used [0x00000000d9080000,0x00000000d9080000,0x00000000d9580000)
 ParOldGen       total 84992K, used 16K [0x0000000085400000, 0x000000008a700000, 0x00000000d7180000)
  object space 84992K, 0% used [0x0000000085400000,0x0000000085404000,0x000000008a700000)
 Metaspace       used 12500K, capacity 13434K, committed 13696K, reserved 1060864K
  class space    used 1585K, capacity 1794K, committed 1920K, reserved 1048576K
}
Event: 2.740 GC heap before
{Heap before GC invocations=3 (full 0):
 PSYoungGen      total 36864K, used 36852K [0x00000000d7180000, 0x00000000d9a80000, 0x0000000100000000)
  eden space 31744K, 100% used [0x00000000d7180000,0x00000000d9080000,0x00000000d9080000)
  from space 5120K, 99% used [0x00000000d9580000,0x00000000d9a7d020,0x00000000d9a80000)
  to   space 5120K, 0% used [0x00000000d9080000,0x00000000d9080000,0x00000000d9580000)
 ParOldGen       total 84992K, used 16K [0x0000000085400000, 0x000000008a700000, 0x00000000d7180000)
  object space 84992K, 0% used [0x0000000085400000,0x0000000085404000,0x000000008a700000)
 Metaspace       used 15693K, capacity 16686K, committed 16896K, reserved 1064960K
  class space    used 1991K, capacity 2218K, committed 2304K, reserved 1048576K
Event: 2.753 GC heap after
Heap after GC invocations=3 (full 0):
 PSYoungGen      total 36864K, used 5098K [0x00000000d7180000, 0x00000000db980000, 0x0000000100000000)
  eden space 31744K, 0% used [0x00000000d7180000,0x00000000d7180000,0x00000000d9080000)
  from space 5120K, 99% used [0x00000000d9080000,0x00000000d957a9f0,0x00000000d9580000)
  to   space 5120K, 0% used [0x00000000db480000,0x00000000db480000,0x00000000db980000)
 ParOldGen       total 84992K, used 603K [0x0000000085400000, 0x000000008a700000, 0x00000000d7180000)
  object space 84992K, 0% used [0x0000000085400000,0x0000000085496dc8,0x000000008a700000)
 Metaspace       used 15693K, capacity 16686K, committed 16896K, reserved 1064960K
  class space    used 1991K, capacity 2218K, committed 2304K, reserved 1048576K
}
Event: 3.588 GC heap before
{Heap before GC invocations=4 (full 0):
 PSYoungGen      total 36864K, used 36842K [0x00000000d7180000, 0x00000000db980000, 0x0000000100000000)
  eden space 31744K, 100% used [0x00000000d7180000,0x00000000d9080000,0x00000000d9080000)
  from space 5120K, 99% used [0x00000000d9080000,0x00000000d957a9f0,0x00000000d9580000)
  to   space 5120K, 0% used [0x00000000db480000,0x00000000db480000,0x00000000db980000)
 ParOldGen       total 84992K, used 603K [0x0000000085400000, 0x000000008a700000, 0x00000000d7180000)
  object space 84992K, 0% used [0x0000000085400000,0x0000000085496dc8,0x000000008a700000)
 Metaspace       used 17944K, capacity 19138K, committed 19328K, reserved 1067008K
  class space    used 2392K, capacity 2628K, committed 2688K, reserved 1048576K
Event: 3.655 GC heap after
Heap after GC invocations=4 (full 0):
 PSYoungGen      total 68608K, used 5094K [0x00000000d7180000, 0x00000000db980000, 0x0000000100000000)
  eden space 63488K, 0% used [0x00000000d7180000,0x00000000d7180000,0x00000000daf80000)
  from space 5120K, 99% used [0x00000000db480000,0x00000000db979838,0x00000000db980000)
  to   space 5120K, 0% used [0x00000000daf80000,0x00000000daf80000,0x00000000db480000)
 ParOldGen       total 84992K, used 1500K [0x0000000085400000, 0x000000008a700000, 0x00000000d7180000)
  object space 84992K, 1% used [0x0000000085400000,0x0000000085577150,0x000000008a700000)
 Metaspace       used 17944K, capacity 19138K, committed 19328K, reserved 1067008K
  class space    used 2392K, capacity 2628K, committed 2688K, reserved 1048576K
}
Event: 46.127 GC heap before
{Heap before GC invocations=5 (full 0):
 PSYoungGen      total 68608K, used 36305K [0x00000000d7180000, 0x00000000db980000, 0x0000000100000000)
  eden space 63488K, 49% used [0x00000000d7180000,0x00000000d8ffad08,0x00000000daf80000)
  from space 5120K, 99% used [0x00000000db480000,0x00000000db979838,0x00000000db980000)
  to   space 5120K, 0% used [0x00000000daf80000,0x00000000daf80000,0x00000000db480000)
 ParOldGen       total 84992K, used 1500K [0x0000000085400000, 0x000000008a700000, 0x00000000d7180000)
  object space 84992K, 1% used [0x0000000085400000,0x0000000085577150,0x000000008a700000)
 Metaspace       used 19885K, capacity 21152K, committed 21248K, reserved 1067008K
  class space    used 2717K, capacity 2987K, committed 3072K, reserved 1048576K

Deoptimization events (10 events):
Event: 1.298 Thread 0x00007fc01400b000 Uncommon trap: reason=class_check action=maybe_recompile pc=0x00007fc00495aaa8 method=java.lang.String.equals(Ljava/lang/Object;)Z @ 8
Event: 1.326 Thread 0x00007fc01400b000 Uncommon trap: reason=class_check action=maybe_recompile pc=0x00007fc00495aaa8 method=java.lang.String.equals(Ljava/lang/Object;)Z @ 8
Event: 1.825 Thread 0x00007fc01400b000 Uncommon trap: reason=range_check action=make_not_entrant pc=0x00007fc004a1b280 method=sun.reflect.generics.parser.SignatureParser.current()C @ 34
Event: 2.538 Thread 0x00007fc01400b000 Uncommon trap: reason=unstable_if action=reinterpret pc=0x00007fc004b4686c method=java.util.HashMap.putVal(ILjava/lang/Object;Ljava/lang/Object;ZZ)Ljava/lang/Object; @ 236
Event: 2.680 Thread 0x00007fc0149d3000 Uncommon trap: reason=unstable_if action=reinterpret pc=0x00007fc004b1e4f0 method=sun.net.www.ParseUtil.encodePath(Ljava/lang/String;Z)Ljava/lang/String; @ 109
Event: 2.680 Thread 0x00007fc0149d3000 Uncommon trap: reason=unstable_if action=reinterpret pc=0x00007fc004ae4ab0 method=sun.net.www.ParseUtil.encodePath(Ljava/lang/String;Z)Ljava/lang/String; @ 109
Event: 3.142 Thread 0x00007fc01400b000 Uncommon trap: reason=unstable_if action=reinterpret pc=0x00007fc004bfd760 method=java.net.URL.<init>(Ljava/net/URL;Ljava/lang/String;Ljava/net/URLStreamHandler;)V @ 347
Event: 8.767 Thread 0x00007fc01400b000 Uncommon trap: reason=unstable_if action=reinterpret pc=0x00007fc004a31868 method=java.util.HashMap.hash(Ljava/lang/Object;)I @ 1
Event: 45.435 Thread 0x00007fc01400b000 Uncommon trap: reason=unstable_if action=reinterpret pc=0x00007fc004c39440 method=java.util.concurrent.ConcurrentHashMap.putVal(Ljava/lang/Object;Ljava/lang/Object;Z)Ljava/lang/Object; @ 206
Event: 46.034 Thread 0x00007fc0149d3000 Uncommon trap: reason=bimorphic action=maybe_recompile pc=0x00007fc0048bae7c method=java.util.HashMap.putVal(ILjava/lang/Object;Ljava/lang/Object;ZZ)Ljava/lang/Object; @ 203

Classes redefined (0 events):
No events

Internal exceptions (10 events):
Event: 1.753 Thread 0x00007fc01400b000 Exception <a 'java/lang/NoSuchMethodError': java.lang.Object.lambda$static$0(Ljava/lang/Object;)Ljava/lang/Object;> (0x00000000d8fd3688) thrown at [/HUDSON/workspace/8-2-build-linux-amd64/jdk8u181/11358/hotspot/src/share/vm/interpreter/linkResolver.cpp, l
Event: 1.826 Thread 0x00007fc01400b000 Exception <a 'java/lang/ArrayIndexOutOfBoundsException': 18> (0x00000000d7221000) thrown at [/HUDSON/workspace/8-2-build-linux-amd64/jdk8u181/11358/hotspot/src/share/vm/interpreter/interpreterRuntime.cpp, line 366]
Event: 1.826 Thread 0x00007fc01400b000 Exception <a 'java/lang/ArrayIndexOutOfBoundsException': 182> (0x00000000d7222f08) thrown at [/HUDSON/workspace/8-2-build-linux-amd64/jdk8u181/11358/hotspot/src/share/vm/interpreter/interpreterRuntime.cpp, line 366]
Event: 1.828 Thread 0x00007fc01400b000 Exception <a 'java/lang/ArrayIndexOutOfBoundsException': 60> (0x00000000d7224538) thrown at [/HUDSON/workspace/8-2-build-linux-amd64/jdk8u181/11358/hotspot/src/share/vm/interpreter/interpreterRuntime.cpp, line 366]
Event: 2.177 Thread 0x00007fc01400b000 Exception <a 'java/lang/IncompatibleClassChangeError': Found class java.lang.Object, but interface was expected> (0x00000000d813f290) thrown at [/HUDSON/workspace/8-2-build-linux-amd64/jdk8u181/11358/hotspot/src/share/vm/interpreter/linkResolver.cpp, line
Event: 2.693 Thread 0x00007fc01400b000 Exception <a 'java/lang/NoSuchMethodError': java.lang.Object.lambda$chars$0()Ljava/util/Spliterator$OfInt;> (0x00000000d8d20470) thrown at [/HUDSON/workspace/8-2-build-linux-amd64/jdk8u181/11358/hotspot/src/share/vm/interpreter/linkResolver.cpp, line 620]
Event: 3.853 Thread 0x00007fc01400b000 Exception <a 'java/io/FileNotFoundException'> (0x00000000d76751a8) thrown at [/HUDSON/workspace/8-2-build-linux-amd64/jdk8u181/11358/hotspot/src/share/vm/prims/jni.cpp, line 709]
Event: 8.766 Thread 0x00007fc01400b000 Implicit null exception at 0x00007fc004a31675 to 0x00007fc004a31859
Event: 22.380 Thread 0x00007fc01400b000 Exception <a 'java/lang/NoSuchMethodError': java.lang.Object.lambda$getAnnotationTypes$0(Lorg/springframework/core/annotation/MergedAnnotation;)Ljava/lang/String;> (0x00000000d8791d50) thrown at [/HUDSON/workspace/8-2-build-linux-amd64/jdk8u181/11358/hots
Event: 23.972 Thread 0x00007fc01400b000 Exception <a 'java/lang/NoSuchMethodError': java.lang.Object.lambda$getMetaAnnotationTypes$1(Lorg/springframework/core/annotation/MergedAnnotation;)Ljava/lang/String;> (0x00000000d87b1668) thrown at [/HUDSON/workspace/8-2-build-linux-amd64/jdk8u181/11358/

Events (10 events):
Event: 45.885 loading class org/springframework/beans/factory/support/RootBeanDefinition done
Event: 46.072 Thread 0x00007fc0149d3000 DEOPT PACKING pc=0x00007fc0048bae7c sp=0x00007fc00016be90
Event: 46.073 Thread 0x00007fc0149d3000 DEOPT UNPACKING pc=0x00007fc0047f173a sp=0x00007fc00016be28 mode 2
Event: 46.084 loading class org/springframework/beans/factory/support/AbstractBeanFactory
Event: 46.084 loading class org/hibernate/validator/internal/engine/ValidatorImpl
Event: 46.085 loading class org/springframework/beans/factory/support/AbstractBeanFactory done
Event: 46.085 loading class org/hibernate/validator/internal/engine/ValidatorImpl done
Event: 46.108 loading class javax/validation/executable/ExecutableValidator
Event: 46.108 loading class javax/validation/executable/ExecutableValidator done
Event: 46.124 Executing VM operation: CollectForMetadataAllocation


Dynamic libraries:
00400000-00401000 r-xp 00000000 103:03 11298633                          /usr/lib/jvm/java-8-oracle/jre/bin/java
00600000-00601000 rw-p 00000000 103:03 11298633                          /usr/lib/jvm/java-8-oracle/jre/bin/java
01803000-01824000 rw-p 00000000 00:00 0                                  [heap]
85400000-8a700000 rw-p 00000000 00:00 0 
8a700000-d7180000 ---p 00000000 00:00 0 
d7180000-db980000 rw-p 00000000 00:00 0 
dfc80000-100000000 ---p 00000000 00:00 0 
100000000-100300000 rw-p 00000000 00:00 0 
100300000-140000000 ---p 00000000 00:00 0 
7fbfb4000000-7fbfb4158000 rw-p 00000000 00:00 0 
7fbfb4158000-7fbfb8000000 ---p 00000000 00:00 0 
7fbfbbc00000-7fbfbbdc0000 rw-p 00000000 00:00 0 
7fbfbbdc0000-7fbfbbe00000 ---p 00000000 00:00 0 
7fbfbbe00000-7fbfbc000000 rw-p 00000000 00:00 0 
7fbfbc000000-7fbfbc089000 rw-p 00000000 00:00 0 
7fbfbc089000-7fbfc0000000 ---p 00000000 00:00 0 
7fbfc0000000-7fbfc0021000 rw-p 00000000 00:00 0 
7fbfc0021000-7fbfc4000000 ---p 00000000 00:00 0 
7fbfc4000000-7fbfc4021000 rw-p 00000000 00:00 0 
7fbfc4021000-7fbfc8000000 ---p 00000000 00:00 0 
7fbfc8000000-7fbfc8021000 rw-p 00000000 00:00 0 
7fbfc8021000-7fbfcc000000 ---p 00000000 00:00 0 
7fbfcc000000-7fbfcc3f6000 rw-p 00000000 00:00 0 
7fbfcc3f6000-7fbfd0000000 ---p 00000000 00:00 0 
7fbfd0000000-7fbfd0021000 rw-p 00000000 00:00 0 
7fbfd0021000-7fbfd4000000 ---p 00000000 00:00 0 
7fbfd4000000-7fbfd431e000 rw-p 00000000 00:00 0 
7fbfd431e000-7fbfd8000000 ---p 00000000 00:00 0 
7fbfd8000000-7fbfd84c1000 rw-p 00000000 00:00 0 
7fbfd84c1000-7fbfdc000000 ---p 00000000 00:00 0 
7fbfdc000000-7fbfdc021000 rw-p 00000000 00:00 0 
7fbfdc021000-7fbfe0000000 ---p 00000000 00:00 0 
7fbfe0000000-7fbfe0021000 rw-p 00000000 00:00 0 
7fbfe0021000-7fbfe4000000 ---p 00000000 00:00 0 
7fbfe4000000-7fbfe42d1000 rw-p 00000000 00:00 0 
7fbfe42d1000-7fbfe8000000 ---p 00000000 00:00 0 
7fbfe8000000-7fbfe8021000 rw-p 00000000 00:00 0 
7fbfe8021000-7fbfec000000 ---p 00000000 00:00 0 
7fbfec000000-7fbfec021000 rw-p 00000000 00:00 0 
7fbfec021000-7fbff0000000 ---p 00000000 00:00 0 
7fbff0000000-7fbff0021000 rw-p 00000000 00:00 0 
7fbff0021000-7fbff4000000 ---p 00000000 00:00 0 
7fbff4000000-7fbff4021000 rw-p 00000000 00:00 0 
7fbff4021000-7fbff8000000 ---p 00000000 00:00 0 
7fbff800b000-7fbff80a0000 r--s 0110e000 103:03 11298801                  /usr/lib/jvm/java-8-oracle/jre/lib/ext/jfxrt.jar
7fbff80a0000-7fbffc000000 rw-p 00000000 00:00 0 
7fbffc000000-7fbffc021000 rw-p 00000000 00:00 0 
7fbffc021000-7fc000000000 ---p 00000000 00:00 0 
7fc00006d000-7fc000070000 ---p 00000000 00:00 0 
7fc000070000-7fc00016e000 rw-p 00000000 00:00 0 
7fc00016e000-7fc000184000 r-xp 00000000 103:03 11305065                  /usr/lib/jvm/java-8-oracle/jre/lib/amd64/libnet.so
7fc000184000-7fc000384000 ---p 00016000 103:03 11305065                  /usr/lib/jvm/java-8-oracle/jre/lib/amd64/libnet.so
7fc000384000-7fc000385000 rw-p 00016000 103:03 11305065                  /usr/lib/jvm/java-8-oracle/jre/lib/amd64/libnet.so
7fc000385000-7fc000396000 r-xp 00000000 103:03 11305068                  /usr/lib/jvm/java-8-oracle/jre/lib/amd64/libnio.so
7fc000396000-7fc000595000 ---p 00011000 103:03 11305068                  /usr/lib/jvm/java-8-oracle/jre/lib/amd64/libnio.so
7fc000595000-7fc000596000 rw-p 00010000 103:03 11305068                  /usr/lib/jvm/java-8-oracle/jre/lib/amd64/libnio.so
7fc000596000-7fc000796000 rw-p 00000000 00:00 0 
7fc000796000-7fc000996000 rw-p 00000000 00:00 0 
7fc000996000-7fc0009b1000 r--s 001d4000 103:03 11298803                  /usr/lib/jvm/java-8-oracle/jre/lib/ext/nashorn.jar
7fc0009b1000-7fc0009b4000 ---p 00000000 00:00 0 
7fc0009b4000-7fc0009ea000 rw-p 00000000 00:00 0 
7fc0009ea000-7fc0009ed000 r--s 00015000 103:03 5925506                   /home/aron/.m2/repository/org/junit/platform/junit-platform-launcher/1.3.1/junit-platform-launcher-1.3.1.jar
7fc0009ed000-7fc0009f0000 r--s 0000e000 103:03 5925502                   /home/aron/.m2/repository/org/apache/maven/surefire/surefire-junit-platform/2.22.2/surefire-junit-platform-2.22.2.jar
7fc0009f0000-7fc0009f1000 r--s 00000000 103:03 5423899                   /home/aron/.m2/repository/org/hamcrest/hamcrest-core/2.1/hamcrest-core-2.1.jar
7fc0009f1000-7fc0009f9000 r--s 00045000 103:03 4604408                   /home/aron/.m2/repository/junit/junit/4.12/junit-4.12.jar
7fc0009f9000-7fc000a01000 r--s 00073000 103:03 5359966                   /home/aron/.m2/repository/org/apache/commons/commons-lang3/3.8.1/commons-lang3-3.8.1.jar
7fc000a01000-7fc000a18000 r--s 00198000 103:03 4556342                   /home/aron/.m2/repository/org/projectlombok/lombok/1.18.10/lombok-1.18.10.jar
7fc000a18000-7fc000a1d000 r--s 00025000 103:03 5923195                   /home/aron/.m2/repository/org/xmlunit/xmlunit-core/2.6.3/xmlunit-core-2.6.3.jar
7fc000a1d000-7fc000a2c000 r--s 00096000 103:03 4678520                   /home/aron/.m2/repository/org/springframework/spring-test/5.2.1.RELEASE/spring-test-5.2.1.RELEASE.jar
7fc000a2c000-7fc000a2d000 r--s 00005000 103:03 5357820                   /home/aron/.m2/repository/org/springframework/spring-jcl/5.2.1.RELEASE/spring-jcl-5.2.1.RELEASE.jar
7fc000a2d000-7fc000a48000 r--s 00143000 103:03 5186837                   /home/aron/.m2/repository/org/springframework/spring-core/5.2.1.RELEASE/spring-core-5.2.1.RELEASE.jar
7fc000a48000-7fc000a49000 r--s 00004000 103:03 5923210                   /home/aron/.m2/repository/com/vaadin/external/google/android-json/0.0.20131108.vaadin1/android-json-0.0.20131108.vaadin1.jar
7fc000a49000-7fc000a4b000 r--s 00006000 103:03 5923216                   /home/aron/.m2/repository/org/skyscreamer/jsonassert/1.5.0/jsonassert-1.5.0.jar
7fc000a4b000-7fc000a4d000 r--s 0000c000 103:03 4588087                   /home/aron/.m2/repository/org/objenesis/objenesis/2.6/objenesis-2.6.jar
7fc000a4d000-7fc000a51000 r--s 0003c000 103:03 5342021                   /home/aron/.m2/repository/net/bytebuddy/byte-buddy-agent/1.10.2/byte-buddy-agent-1.10.2.jar
7fc000a51000-7fc000a62000 r--s 00080000 103:03 5923212                   /home/aron/.m2/repository/org/mockito/mockito-core/3.1.0/mockito-core-3.1.0.jar
7fc000a62000-7fc000a66000 r--s 0001b000 103:03 5923215                   /home/aron/.m2/repository/org/hamcrest/hamcrest/2.1/hamcrest-2.1.jar
7fc000a66000-7fc000acb000 r--s 003e1000 103:03 5923203                   /home/aron/.m2/repository/org/assertj/assertj-core/3.13.2/assertj-core-3.13.2.jar
7fc000acb000-7fc000acc000 r--s 00001000 103:03 5923211                   /home/aron/.m2/repository/org/mockito/mockito-junit-jupiter/3.1.0/mockito-junit-jupiter-3.1.0.jar
7fc000acc000-7fc000ad1000 r--s 00024000 103:03 5923204                   /home/aron/.m2/repository/org/junit/platform/junit-platform-engine/1.5.2/junit-platform-engine-1.5.2.jar
7fc000ad1000-7fc000ad6000 r--s 00031000 103:03 5923202                   /home/aron/.m2/repository/org/junit/jupiter/junit-jupiter-engine/5.5.2/junit-jupiter-engine-5.5.2.jar
7fc000ad6000-7fc000ae3000 r--s 0007a000 103:03 5923201                   /home/aron/.m2/repository/org/junit/jupiter/junit-jupiter-params/5.5.2/junit-jupiter-params-5.5.2.jar
7fc000ae3000-7fc000ae5000 r--s 00015000 103:03 5923206                   /home/aron/.m2/repository/org/junit/platform/junit-platform-commons/1.5.2/junit-platform-commons-1.5.2.jar
7fc000ae5000-7fc000ae6000 r--s 00001000 103:03 5342165                   /home/aron/.m2/repository/org/opentest4j/opentest4j/1.2.0/opentest4j-1.2.0.jar
7fc000ae6000-7fc000ae7000 r--s 00000000 103:03 5342160                   /home/aron/.m2/repository/org/apiguardian/apiguardian-api/1.1.0/apiguardian-api-1.1.0.jar
7fc000ae7000-7fc000aeb000 r--s 0001f000 103:03 5923198                   /home/aron/.m2/repository/org/junit/jupiter/junit-jupiter-api/5.5.2/junit-jupiter-api-5.5.2.jar
7fc000aeb000-7fc000aec000 r--s 00001000 103:03 5923196                   /home/aron/.m2/repository/org/junit/jupiter/junit-jupiter/5.5.2/junit-jupiter-5.5.2.jar
7fc000aec000-7fc000af0000 r--s 00019000 103:03 5923190                   /home/aron/.m2/repository/jakarta/xml/bind/jakarta.xml.bind-api/2.3.2/jakarta.xml.bind-api-2.3.2.jar
7fc000af0000-7fc000af2000 r--s 0000c000 103:03 4901269                   /home/aron/.m2/repository/org/ow2/asm/asm/5.0.4/asm-5.0.4.jar
7fc000af2000-7fc000af4000 r--s 00006000 103:03 4818415                   /home/aron/.m2/repository/net/minidev/accessors-smart/1.2/accessors-smart-1.2.jar
7fc000af4000-7fc000af7000 r--s 0001b000 103:03 4581196                   /home/aron/.m2/repository/net/minidev/json-smart/2.3/json-smart-2.3.jar
7fc000af7000-7fc000afd000 r--s 00031000 103:03 5923188                   /home/aron/.m2/repository/com/jayway/jsonpath/json-path/2.4.0/json-path-2.4.0.jar
7fc000afd000-7fc000b03000 r--s 00021000 103:03 5933639                   /home/aron/.m2/repository/org/springframework/boot/spring-boot-test-autoconfigure/2.2.1.RELEASE/spring-boot-test-autoconfigure-2.2.1.RELEASE.jar
7fc000b03000-7fc000b09000 r--s 0002e000 103:03 5933642                   /home/aron/.m2/repository/org/springframework/boot/spring-boot-test/2.2.1.RELEASE/spring-boot-test-2.2.1.RELEASE.jar
7fc000b09000-7fc000b0a000 r--s 00000000 103:03 5933635                   /home/aron/.m2/repository/org/springframework/boot/spring-boot-starter-test/2.2.1.RELEASE/spring-boot-starter-test-2.2.1.RELEASE.jar
7fc000b0a000-7fc000b23000 r--s 00220000 103:03 4556497                   /home/aron/.m2/repository/mysql/mysql-connector-java/8.0.18/mysql-connector-java-8.0.18.jar
7fc000b23000-7fc000b4a000 r--s 0012c000 103:03 5357826                   /home/aron/.m2/repository/org/springframework/boot/spring-boot-autoconfigure/2.2.1.RELEASE/spring-boot-autoconfigure-2.2.1.RELEASE.jar
7fc000b4a000-7fc000b61000 r--s 000e7000 103:03 5357822                   /home/aron/.m2/repository/org/springframework/boot/spring-boot/2.2.1.RELEASE/spring-boot-2.2.1.RELEASE.jar
7fc000b61000-7fc000b67000 r--s 00030000 103:03 5342175                   /home/aron/.m2/repository/org/springframework/boot/spring-boot-devtools/2.2.1.RELEASE/spring-boot-devtools-2.2.1.RELEASE.jar
7fc000b67000-7fc000b6c000 r--s 00040000 103:03 5342016                   /home/aron/.m2/repository/org/springframework/spring-expression/5.2.1.RELEASE/spring-expression-5.2.1.RELEASE.jar
7fc000b6c000-7fc000b7e000 r--s 000d5000 103:03 4678672                   /home/aron/.m2/repository/org/springframework/spring-webmvc/5.2.1.RELEASE/spring-webmvc-5.2.1.RELEASE.jar
7fc000b7e000-7fc000b9b000 r--s 0013d000 103:03 5342172                   /home/aron/.m2/repository/org/springframework/spring-web/5.2.1.RELEASE/spring-web-5.2.1.RELEASE.jar
7fc000b9b000-7fc000bb8000 r--s 000fe000 103:03 5357959                   /home/aron/.m2/repository/org/hibernate/validator/hibernate-validator/6.0.18.Final/hibernate-validator-6.0.18.Final.jar
7fc000bb8000-7fc000bbd000 r--s 00012000 103:03 5915537                   /home/aron/.m2/repository/jakarta/validation/jakarta.validation-api/2.0.1/jakarta.validation-api-2.0.1.jar
7fc000bbd000-7fc000bbe000 r--s 00000000 103:03 5941001                   /home/aron/.m2/repository/org/springframework/boot/spring-boot-starter-validation/2.2.1.RELEASE/spring-boot-starter-validation-2.2.1.RELEASE.jar
7fc000bbe000-7fc000bc3000 r--s 0003c000 103:03 5917340                   /home/aron/.m2/repository/org/apache/tomcat/embed/tomcat-embed-websocket/9.0.27/tomcat-embed-websocket-9.0.27.jar
7fc000bc3000-7fc000bc8000 r--s 0003a000 103:03 5915529                   /home/aron/.m2/repository/org/apache/tomcat/embed/tomcat-embed-el/9.0.27/tomcat-embed-el-9.0.27.jar
7fc000bc8000-7fc000bf3000 r--s 0030b000 103:03 5917343                   /home/aron/.m2/repository/org/apache/tomcat/embed/tomcat-embed-core/9.0.27/tomcat-embed-core-9.0.27.jar
7fc000bf3000-7fc000bf4000 r--s 00000000 103:03 5357954                   /home/aron/.m2/repository/org/springframework/boot/spring-boot-starter-tomcat/2.2.1.RELEASE/spring-boot-starter-tomcat-2.2.1.RELEASE.jar
7fc000bf4000-7fc000bf6000 r--s 00001000 103:03 5917334                   /home/aron/.m2/repository/com/fasterxml/jackson/module/jackson-module-parameter-names/2.10.0/jackson-module-parameter-names-2.10.0.jar
7fc000bf6000-7fc000bf9000 r--s 00017000 103:03 5915542                   /home/aron/.m2/repository/com/fasterxml/jackson/datatype/jackson-datatype-jsr310/2.10.0/jackson-datatype-jsr310-2.10.0.jar
7fc000bf9000-7fc000bfb000 r--s 00007000 103:03 5915520                   /home/aron/.m2/repository/com/fasterxml/jackson/datatype/jackson-datatype-jdk8/2.10.0/jackson-datatype-jdk8-2.10.0.jar
7fc000bfb000-7fc000c00000 r--s 00051000 103:03 5915857                   /home/aron/.m2/repository/com/fasterxml/jackson/core/jackson-core/2.10.0/jackson-core-2.10.0.jar
7fc000c00000-7fc000c03000 r--s 0000e000 103:03 5915545                   /home/aron/.m2/repository/com/fasterxml/jackson/core/jackson-annotations/2.10.0/jackson-annotations-2.10.0.jar
7fc000c03000-7fc000c19000 r--s 00141000 103:03 5915547                   /home/aron/.m2/repository/com/fasterxml/jackson/core/jackson-databind/2.10.0/jackson-databind-2.10.0.jar
7fc000c19000-7fc000c1a000 r--s 00000000 103:03 5357955                   /home/aron/.m2/repository/org/springframework/boot/spring-boot-starter-json/2.2.1.RELEASE/spring-boot-starter-json-2.2.1.RELEASE.jar
7fc000c1a000-7fc000c21000 r--s 00044000 103:03 5915536                   /home/aron/.m2/repository/org/yaml/snakeyaml/1.25/snakeyaml-1.25.jar
7fc000c21000-7fc000c23000 r--s 00005000 103:03 5915858                   /home/aron/.m2/repository/jakarta/annotation/jakarta.annotation-api/1.3.5/jakarta.annotation-api-1.3.5.jar
7fc000c23000-7fc000c25000 r--s 00000000 103:03 5357830                   /home/aron/.m2/repository/org/slf4j/jul-to-slf4j/1.7.29/jul-to-slf4j-1.7.29.jar
7fc000c25000-7fc000c2b000 r--s 0003e000 103:03 5915530                   /home/aron/.m2/repository/org/apache/logging/log4j/log4j-api/2.12.1/log4j-api-2.12.1.jar
7fc000c2b000-7fc000c2d000 r--s 00003000 103:03 5915525                   /home/aron/.m2/repository/org/apache/logging/log4j/log4j-to-slf4j/2.12.1/log4j-to-slf4j-2.12.1.jar
7fc000c2d000-7fc000c38000 r--s 00069000 103:03 5359638                   /home/aron/.m2/repository/ch/qos/logback/logback-core/1.2.3/logback-core-1.2.3.jar
7fc000c38000-7fc000c3e000 r--s 00041000 103:03 5359637                   /home/aron/.m2/repository/ch/qos/logback/logback-classic/1.2.3/logback-classic-1.2.3.jar
7fc000c3e000-7fc000c3f000 r--s 00000000 103:03 5357829                   /home/aron/.m2/repository/org/springframework/boot/spring-boot-starter-logging/2.2.1.RELEASE/spring-boot-starter-logging-2.2.1.RELEASE.jar
7fc000c3f000-7fc000c40000 r--s 00000000 103:03 5357832                   /home/aron/.m2/repository/org/springframework/boot/spring-boot-starter/2.2.1.RELEASE/spring-boot-starter-2.2.1.RELEASE.jar
7fc000c40000-7fc000c41000 r--s 00000000 103:03 5357953                   /home/aron/.m2/repository/org/springframework/boot/spring-boot-starter-web/2.2.1.RELEASE/spring-boot-starter-web-2.2.1.RELEASE.jar
7fc000c41000-7fc000c4e000 r--s 0009b000 103:03 5260368                   /home/aron/.m2/repository/org/springframework/spring-beans/5.2.1.RELEASE/spring-beans-5.2.1.RELEASE.jar
7fc000c4e000-7fc000c57000 r--s 00044000 103:03 4678680                   /home/aron/.m2/repository/org/springframework/spring-tx/5.2.1.RELEASE/spring-tx-5.2.1.RELEASE.jar
7fc000c57000-7fc000c72000 r--s 0010e000 103:03 5186832                   /home/aron/.m2/repository/org/springframework/spring-context/5.2.1.RELEASE/spring-context-5.2.1.RELEASE.jar
7fc000c72000-7fc000c77000 r--s 0002d000 103:03 4678671                   /home/aron/.m2/repository/org/springframework/spring-orm/5.2.1.RELEASE/spring-orm-5.2.1.RELEASE.jar
7fc000c77000-7fc000c90000 r--s 0010f000 103:03 5357950                   /home/aron/.m2/repository/org/springframework/data/spring-data-commons/2.2.1.RELEASE/spring-data-commons-2.2.1.RELEASE.jar
7fc000c90000-7fc000cd8000 r--s 002e9000 103:03 5342019                   /home/aron/.m2/repository/net/bytebuddy/byte-buddy/1.10.2/byte-buddy-1.10.2.jar
7fc000cd8000-7fc000d5e000 r--s 0064e000 103:03 5357901                   /home/aron/.m2/repository/org/hibernate/hibernate-core/5.4.8.Final/hibernate-core-5.4.8.Final.jar
7fc000d5e000-7fc000d61000 ---p 00000000 00:00 0 
7fc000d61000-7fc000e5f000 rw-p 00000000 00:00 0 
7fc000e5f000-7fc000e68000 r-xp 00000000 103:03 11305073                  /usr/lib/jvm/java-8-oracle/jre/lib/amd64/libmanagement.so
7fc000e68000-7fc001067000 ---p 00009000 103:03 11305073                  /usr/lib/jvm/java-8-oracle/jre/lib/amd64/libmanagement.so
7fc001067000-7fc001068000 rw-p 00008000 103:03 11305073                  /usr/lib/jvm/java-8-oracle/jre/lib/amd64/libmanagement.so
7fc001068000-7fc00106b000 ---p 00000000 00:00 0 
7fc00106b000-7fc001169000 rw-p 00000000 00:00 0 
7fc001169000-7fc00116a000 ---p 00000000 00:00 0 
7fc00116a000-7fc00126a000 rw-p 00000000 00:00 0 
7fc00126a000-7fc00126d000 ---p 00000000 00:00 0 
7fc00126d000-7fc00136b000 rw-p 00000000 00:00 0 
7fc00136b000-7fc00136e000 ---p 00000000 00:00 0 
7fc00136e000-7fc00146c000 rw-p 00000000 00:00 0 
7fc00146c000-7fc00146f000 ---p 00000000 00:00 0 
7fc00146f000-7fc00156d000 rw-p 00000000 00:00 0 
7fc00156d000-7fc001570000 ---p 00000000 00:00 0 
7fc001570000-7fc00166e000 rw-p 00000000 00:00 0 
7fc00166e000-7fc001671000 ---p 00000000 00:00 0 
7fc001671000-7fc00176f000 rw-p 00000000 00:00 0 
7fc00176f000-7fc001a4b000 r--p 00000000 103:03 10944645                  /usr/lib/locale/locale-archive
7fc001a4b000-7fc001a4e000 ---p 00000000 00:00 0 
7fc001a4e000-7fc001b4c000 rw-p 00000000 00:00 0 
7fc001b4c000-7fc001b4f000 ---p 00000000 00:00 0 
7fc001b4f000-7fc001c4d000 rw-p 00000000 00:00 0 
7fc001c4d000-7fc001c4e000 ---p 00000000 00:00 0 
7fc001c4e000-7fc002c5d000 rw-p 00000000 00:00 0 
7fc002c5d000-7fc002e37000 r--s 03d6b000 103:03 11298739                  /usr/lib/jvm/java-8-oracle/jre/lib/rt.jar
7fc002e37000-7fc003a83000 rw-p 00000000 00:00 0 
7fc003a83000-7fc003a84000 ---p 00000000 00:00 0 
7fc003a84000-7fc003b84000 rw-p 00000000 00:00 0 
7fc003b84000-7fc003b85000 ---p 00000000 00:00 0 
7fc003b85000-7fc003c85000 rw-p 00000000 00:00 0 
7fc003c85000-7fc003c86000 ---p 00000000 00:00 0 
7fc003c86000-7fc003db0000 rw-p 00000000 00:00 0 
7fc003db0000-7fc004015000 ---p 00000000 00:00 0 
7fc004015000-7fc00403f000 rw-p 00000000 00:00 0 
7fc00403f000-7fc0042a3000 ---p 00000000 00:00 0 
7fc0042a3000-7fc0042c8000 rw-p 00000000 00:00 0 
7fc0042c8000-7fc0043eb000 ---p 00000000 00:00 0 
7fc0043eb000-7fc004401000 rw-p 00000000 00:00 0 
7fc004401000-7fc0047ac000 ---p 00000000 00:00 0 
7fc0047ac000-7fc004cec000 rwxp 00000000 00:00 0 
7fc004cec000-7fc0137ac000 ---p 00000000 00:00 0 
7fc0137ac000-7fc0137c7000 r-xp 00000000 103:03 11305061                  /usr/lib/jvm/java-8-oracle/jre/lib/amd64/libzip.so
7fc0137c7000-7fc0139c7000 ---p 0001b000 103:03 11305061                  /usr/lib/jvm/java-8-oracle/jre/lib/amd64/libzip.so
7fc0139c7000-7fc0139c8000 rw-p 0001b000 103:03 11305061                  /usr/lib/jvm/java-8-oracle/jre/lib/amd64/libzip.so
7fc0139c8000-7fc0139d3000 r-xp 00000000 103:03 13467742                  /lib/x86_64-linux-gnu/libnss_files-2.26.so
7fc0139d3000-7fc013bd2000 ---p 0000b000 103:03 13467742                  /lib/x86_64-linux-gnu/libnss_files-2.26.so
7fc013bd2000-7fc013bd3000 r--p 0000a000 103:03 13467742                  /lib/x86_64-linux-gnu/libnss_files-2.26.so
7fc013bd3000-7fc013bd4000 rw-p 0000b000 103:03 13467742                  /lib/x86_64-linux-gnu/libnss_files-2.26.so
7fc013bd4000-7fc013bda000 rw-p 00000000 00:00 0 
7fc013bda000-7fc013be5000 r-xp 00000000 103:03 13467744                  /lib/x86_64-linux-gnu/libnss_nis-2.26.so
7fc013be5000-7fc013de4000 ---p 0000b000 103:03 13467744                  /lib/x86_64-linux-gnu/libnss_nis-2.26.so
7fc013de4000-7fc013de5000 r--p 0000a000 103:03 13467744                  /lib/x86_64-linux-gnu/libnss_nis-2.26.so
7fc013de5000-7fc013de6000 rw-p 0000b000 103:03 13467744                  /lib/x86_64-linux-gnu/libnss_nis-2.26.so
7fc013de6000-7fc013dfd000 r-xp 00000000 103:03 13467739                  /lib/x86_64-linux-gnu/libnsl-2.26.so
7fc013dfd000-7fc013ffc000 ---p 00017000 103:03 13467739                  /lib/x86_64-linux-gnu/libnsl-2.26.so
7fc013ffc000-7fc013ffd000 r--p 00016000 103:03 13467739                  /lib/x86_64-linux-gnu/libnsl-2.26.so
7fc013ffd000-7fc013ffe000 rw-p 00017000 103:03 13467739                  /lib/x86_64-linux-gnu/libnsl-2.26.so
7fc013ffe000-7fc014000000 rw-p 00000000 00:00 0 
7fc014000000-7fc014abb000 rw-p 00000000 00:00 0 
7fc014abb000-7fc018000000 ---p 00000000 00:00 0 
7fc018000000-7fc018002000 r--s 0000a000 103:03 4678681                   /home/aron/.m2/repository/org/springframework/spring-aspects/5.2.1.RELEASE/spring-aspects-5.2.1.RELEASE.jar
7fc018002000-7fc018004000 r--s 00009000 103:03 4556352                   /home/aron/.m2/repository/org/slf4j/slf4j-api/1.7.29/slf4j-api-1.7.29.jar
7fc018004000-7fc01800c000 r--s 00052000 103:03 5357948                   /home/aron/.m2/repository/org/springframework/data/spring-data-jpa/2.2.1.RELEASE/spring-data-jpa-2.2.1.RELEASE.jar
7fc01800c000-7fc018011000 r--s 00049000 103:03 4556472                   /home/aron/.m2/repository/com/sun/xml/fastinfoset/FastInfoset/1.2.16/FastInfoset-1.2.16.jar
7fc018011000-7fc018013000 r--s 00008000 103:03 4556470                   /home/aron/.m2/repository/org/jvnet/staxex/stax-ex/1.8.1/stax-ex-1.8.1.jar
7fc018013000-7fc018015000 r--s 00005000 103:03 4556468                   /home/aron/.m2/repository/com/sun/istack/istack-commons-runtime/3.0.8/istack-commons-runtime-3.0.8.jar
7fc018015000-7fc018017000 r--s 00010000 103:03 5342060                   /home/aron/.m2/repository/org/glassfish/jaxb/txw2/2.3.2/txw2-2.3.2.jar
7fc018017000-7fc01802c000 r--s 000e3000 103:03 5342057                   /home/aron/.m2/repository/org/glassfish/jaxb/jaxb-runtime/2.3.2/jaxb-runtime-2.3.2.jar
7fc01802c000-7fc01802f000 r--s 00010000 103:03 5357910                   /home/aron/.m2/repository/org/hibernate/common/hibernate-commons-annotations/5.1.0.Final/hibernate-commons-annotations-5.1.0.Final.jar
7fc01802f000-7fc018034000 r--s 0004b000 103:03 4556462                   /home/aron/.m2/repository/org/dom4j/dom4j/2.1.1/dom4j-2.1.1.jar
7fc018034000-7fc018036000 r--s 0000f000 103:03 5357908                   /home/aron/.m2/repository/com/fasterxml/classmate/1.5.1/classmate-1.5.1.jar
7fc018036000-7fc018039000 r--s 0002b000 103:03 5357906                   /home/aron/.m2/repository/org/jboss/jandex/2.0.5.Final/jandex-2.0.5.Final.jar
7fc018039000-7fc01803e000 r--s 00068000 103:03 4581233                   /home/aron/.m2/repository/antlr/antlr/2.7.7/antlr-2.7.7.jar
7fc01803e000-7fc018048000 r--s 000b4000 103:03 4556459                   /home/aron/.m2/repository/org/javassist/javassist/3.24.0-GA/javassist-3.24.0-GA.jar
7fc018048000-7fc01804e000 r--s 00023000 103:03 5940996                   /home/aron/.m2/repository/jakarta/persistence/jakarta.persistence-api/2.2.3/jakarta.persistence-api-2.2.3.jar
7fc01804e000-7fc018058000 r--s 0005a000 103:03 4678678                   /home/aron/.m2/repository/org/springframework/spring-jdbc/5.2.1.RELEASE/spring-jdbc-5.2.1.RELEASE.jar
7fc018058000-7fc018071000 r--s 001da000 103:03 4556499                   /home/aron/.m2/repository/org/aspectj/aspectjweaver/1.9.4/aspectjweaver-1.9.4.jar
7fc018071000-7fc018072000 ---p 00000000 00:00 0 
7fc018072000-7fc018172000 rw-p 00000000 00:00 0 
7fc018172000-7fc01817a000 r-xp 00000000 103:03 13467740                  /lib/x86_64-linux-gnu/libnss_compat-2.26.so
7fc01817a000-7fc018379000 ---p 00008000 103:03 13467740                  /lib/x86_64-linux-gnu/libnss_compat-2.26.so
7fc018379000-7fc01837a000 r--p 00007000 103:03 13467740                  /lib/x86_64-linux-gnu/libnss_compat-2.26.so
7fc01837a000-7fc01837b000 rw-p 00008000 103:03 13467740                  /lib/x86_64-linux-gnu/libnss_compat-2.26.so
7fc01837b000-7fc0183a6000 r-xp 00000000 103:03 11305055                  /usr/lib/jvm/java-8-oracle/jre/lib/amd64/libjava.so
7fc0183a6000-7fc0185a5000 ---p 0002b000 103:03 11305055                  /usr/lib/jvm/java-8-oracle/jre/lib/amd64/libjava.so
7fc0185a5000-7fc0185a7000 rw-p 0002a000 103:03 11305055                  /usr/lib/jvm/java-8-oracle/jre/lib/amd64/libjava.so
7fc0185a7000-7fc0185b4000 r-xp 00000000 103:03 11305060                  /usr/lib/jvm/java-8-oracle/jre/lib/amd64/libverify.so
7fc0185b4000-7fc0187b4000 ---p 0000d000 103:03 11305060                  /usr/lib/jvm/java-8-oracle/jre/lib/amd64/libverify.so
7fc0187b4000-7fc0187b6000 rw-p 0000d000 103:03 11305060                  /usr/lib/jvm/java-8-oracle/jre/lib/amd64/libverify.so
7fc0187b6000-7fc0187bd000 r-xp 00000000 103:03 13470853                  /lib/x86_64-linux-gnu/librt-2.26.so
7fc0187bd000-7fc0189bc000 ---p 00007000 103:03 13470853                  /lib/x86_64-linux-gnu/librt-2.26.so
7fc0189bc000-7fc0189bd000 r--p 00006000 103:03 13470853                  /lib/x86_64-linux-gnu/librt-2.26.so
7fc0189bd000-7fc0189be000 rw-p 00007000 103:03 13470853                  /lib/x86_64-linux-gnu/librt-2.26.so
7fc0189be000-7fc018b13000 r-xp 00000000 103:03 13467736                  /lib/x86_64-linux-gnu/libm-2.26.so
7fc018b13000-7fc018d12000 ---p 00155000 103:03 13467736                  /lib/x86_64-linux-gnu/libm-2.26.so
7fc018d12000-7fc018d13000 r--p 00154000 103:03 13467736                  /lib/x86_64-linux-gnu/libm-2.26.so
7fc018d13000-7fc018d14000 rw-p 00155000 103:03 13467736                  /lib/x86_64-linux-gnu/libm-2.26.so
7fc018d14000-7fc0199f0000 r-xp 00000000 103:03 11305037                  /usr/lib/jvm/java-8-oracle/jre/lib/amd64/server/libjvm.so
7fc0199f0000-7fc019bf0000 ---p 00cdc000 103:03 11305037                  /usr/lib/jvm/java-8-oracle/jre/lib/amd64/server/libjvm.so
7fc019bf0000-7fc019cca000 rw-p 00cdc000 103:03 11305037                  /usr/lib/jvm/java-8-oracle/jre/lib/amd64/server/libjvm.so
7fc019cca000-7fc019d15000 rw-p 00000000 00:00 0 
7fc019d15000-7fc019eeb000 r-xp 00000000 103:03 13467732                  /lib/x86_64-linux-gnu/libc-2.26.so
7fc019eeb000-7fc01a0eb000 ---p 001d6000 103:03 13467732                  /lib/x86_64-linux-gnu/libc-2.26.so
7fc01a0eb000-7fc01a0ef000 r--p 001d6000 103:03 13467732                  /lib/x86_64-linux-gnu/libc-2.26.so
7fc01a0ef000-7fc01a0f1000 rw-p 001da000 103:03 13467732                  /lib/x86_64-linux-gnu/libc-2.26.so
7fc01a0f1000-7fc01a0f5000 rw-p 00000000 00:00 0 
7fc01a0f5000-7fc01a0f8000 r-xp 00000000 103:03 13467735                  /lib/x86_64-linux-gnu/libdl-2.26.so
7fc01a0f8000-7fc01a2f7000 ---p 00003000 103:03 13467735                  /lib/x86_64-linux-gnu/libdl-2.26.so
7fc01a2f7000-7fc01a2f8000 r--p 00002000 103:03 13467735                  /lib/x86_64-linux-gnu/libdl-2.26.so
7fc01a2f8000-7fc01a2f9000 rw-p 00003000 103:03 13467735                  /lib/x86_64-linux-gnu/libdl-2.26.so
7fc01a2f9000-7fc01a30f000 r-xp 00000000 103:03 11305032                  /usr/lib/jvm/java-8-oracle/jre/lib/amd64/jli/libjli.so
7fc01a30f000-7fc01a50e000 ---p 00016000 103:03 11305032                  /usr/lib/jvm/java-8-oracle/jre/lib/amd64/jli/libjli.so
7fc01a50e000-7fc01a50f000 rw-p 00015000 103:03 11305032                  /usr/lib/jvm/java-8-oracle/jre/lib/amd64/jli/libjli.so
7fc01a50f000-7fc01a529000 r-xp 00000000 103:03 13470791                  /lib/x86_64-linux-gnu/libpthread-2.26.so
7fc01a529000-7fc01a728000 ---p 0001a000 103:03 13470791                  /lib/x86_64-linux-gnu/libpthread-2.26.so
7fc01a728000-7fc01a729000 r--p 00019000 103:03 13470791                  /lib/x86_64-linux-gnu/libpthread-2.26.so
7fc01a729000-7fc01a72a000 rw-p 0001a000 103:03 13470791                  /lib/x86_64-linux-gnu/libpthread-2.26.so
7fc01a72a000-7fc01a72e000 rw-p 00000000 00:00 0 
7fc01a72e000-7fc01a755000 r-xp 00000000 103:03 13467664                  /lib/x86_64-linux-gnu/ld-2.26.so
7fc01a755000-7fc01a757000 r--s 0000d000 103:03 5917349                   /home/aron/.m2/repository/org/jboss/logging/jboss-logging/3.4.1.Final/jboss-logging-3.4.1.Final.jar
7fc01a757000-7fc01a759000 r--s 00009000 103:03 5923192                   /home/aron/.m2/repository/jakarta/activation/jakarta.activation-api/1.2.1/jakarta.activation-api-1.2.1.jar
7fc01a759000-7fc01a762000 r--s 00052000 103:03 4926039                   /home/aron/.m2/repository/org/springframework/spring-aop/5.2.1.RELEASE/spring-aop-5.2.1.RELEASE.jar
7fc01a762000-7fc01a833000 rw-p 00000000 00:00 0 
7fc01a833000-7fc01a836000 ---p 00000000 00:00 0 
7fc01a836000-7fc01a938000 rw-p 00000000 00:00 0 
7fc01a938000-7fc01a939000 r--s 00003000 103:03 5940998                   /home/aron/.m2/repository/jakarta/transaction/jakarta.transaction-api/1.3.3/jakarta.transaction-api-1.3.3.jar
7fc01a939000-7fc01a93c000 r--s 00023000 103:03 4556495                   /home/aron/.m2/repository/com/zaxxer/HikariCP/3.4.1/HikariCP-3.4.1.jar
7fc01a93c000-7fc01a93d000 r--s 00000000 103:03 5342154                   /home/aron/.m2/repository/org/springframework/boot/spring-boot-starter-jdbc/2.2.1.RELEASE/spring-boot-starter-jdbc-2.2.1.RELEASE.jar
7fc01a93d000-7fc01a93e000 r--s 00000000 103:03 5342152                   /home/aron/.m2/repository/org/springframework/boot/spring-boot-starter-aop/2.2.1.RELEASE/spring-boot-starter-aop-2.2.1.RELEASE.jar
7fc01a93e000-7fc01a93f000 r--s 00000000 103:03 5342150                   /home/aron/.m2/repository/org/springframework/boot/spring-boot-starter-data-jpa/2.2.1.RELEASE/spring-boot-starter-data-jpa-2.2.1.RELEASE.jar
7fc01a93f000-7fc01a941000 r--s 00002000 103:03 5368591                   /home/aron/.m2/repository/org/apache/maven/surefire/surefire-logger-api/2.22.2/surefire-logger-api-2.22.2.jar
7fc01a941000-7fc01a946000 r--s 00029000 103:03 5368588                   /home/aron/.m2/repository/org/apache/maven/surefire/surefire-api/2.22.2/surefire-api-2.22.2.jar
7fc01a946000-7fc01a94a000 r--s 0003f000 103:03 5368594                   /home/aron/.m2/repository/org/apache/maven/surefire/surefire-booter/2.22.2/surefire-booter-2.22.2.jar
7fc01a94a000-7fc01a94b000 r--s 00002000 103:03 5834129                   /home/aron/workspace/UpgradeJavaChallenge/target/surefire/surefirebooter3088223873646325460.jar
7fc01a94b000-7fc01a953000 rw-s 00000000 103:03 5760861                   /tmp/hsperfdata_aron/19942
7fc01a953000-7fc01a954000 rw-p 00000000 00:00 0 
7fc01a954000-7fc01a955000 ---p 00000000 00:00 0 
7fc01a955000-7fc01a956000 r--p 00027000 103:03 13467664                  /lib/x86_64-linux-gnu/ld-2.26.so
7fc01a956000-7fc01a957000 rw-p 00028000 103:03 13467664                  /lib/x86_64-linux-gnu/ld-2.26.so
7fc01a957000-7fc01a958000 rw-p 00000000 00:00 0 
7ffe21b0f000-7ffe21b31000 rw-p 00000000 00:00 0                          [stack]
7ffe21bae000-7ffe21bb1000 r--p 00000000 00:00 0                          [vvar]
7ffe21bb1000-7ffe21bb3000 r-xp 00000000 00:00 0                          [vdso]
ffffffffff600000-ffffffffff601000 r-xp 00000000 00:00 0                  [vsyscall]

VM Arguments:
java_command: /home/aron/workspace/UpgradeJavaChallenge/target/surefire/surefirebooter3088223873646325460.jar /home/aron/workspace/UpgradeJavaChallenge/target/surefire 2019-11-23T15-40-36_151-jvmRun1 surefire7707914687167171232tmp surefire_01632692854213099334tmp
java_class_path (initial): /home/aron/workspace/UpgradeJavaChallenge/target/surefire/surefirebooter3088223873646325460.jar
Launcher Type: SUN_STANDARD

Environment Variables:
JAVA_HOME=/usr/lib/jvm/java-8-oracle
PATH=/home/aron/.sdkman/candidates/groovy/current/bin:/home/aron/.sdkman/candidates/gradle/current/bin:/usr/local/sbin:/usr/local/bin:/usr/sbin:/usr/bin:/sbin:/bin:/usr/games:/usr/local/games:/snap/bin:/usr/lib/jvm/java-8-oracle/bin:/usr/lib/jvm/java-8-oracle/db/bin:/usr/lib/jvm/java-8-oracle/jre/bin
USERNAME=aron
SHELL=/bin/bash
DISPLAY=:0

Signal Handlers:
SIGSEGV: [libjvm.so+0xad2a40], sa_mask[0]=11111111011111111101111111111110, sa_flags=SA_RESTART|SA_SIGINFO
SIGBUS: [libjvm.so+0xad2a40], sa_mask[0]=11111111011111111101111111111110, sa_flags=SA_RESTART|SA_SIGINFO
SIGFPE: [libjvm.so+0x92a610], sa_mask[0]=11111111011111111101111111111110, sa_flags=SA_RESTART|SA_SIGINFO
SIGPIPE: [libjvm.so+0x92a610], sa_mask[0]=11111111011111111101111111111110, sa_flags=SA_RESTART|SA_SIGINFO
SIGXFSZ: [libjvm.so+0x92a610], sa_mask[0]=11111111011111111101111111111110, sa_flags=SA_RESTART|SA_SIGINFO
SIGILL: [libjvm.so+0x92a610], sa_mask[0]=11111111011111111101111111111110, sa_flags=SA_RESTART|SA_SIGINFO
SIGUSR1: SIG_DFL, sa_mask[0]=00000000000000000000000000000000, sa_flags=none
SIGUSR2: [libjvm.so+0x92be70], sa_mask[0]=00100000000000000000000000000000, sa_flags=SA_RESTART|SA_SIGINFO
SIGHUP: [libjvm.so+0x92d270], sa_mask[0]=11111111011111111101111111111110, sa_flags=SA_RESTART|SA_SIGINFO
SIGINT: [libjvm.so+0x92d270], sa_mask[0]=11111111011111111101111111111110, sa_flags=SA_RESTART|SA_SIGINFO
SIGTERM: [libjvm.so+0x92d270], sa_mask[0]=11111111011111111101111111111110, sa_flags=SA_RESTART|SA_SIGINFO
SIGQUIT: [libjvm.so+0x92d270], sa_mask[0]=11111111011111111101111111111110, sa_flags=SA_RESTART|SA_SIGINFO


---------------  S Y S T E M  ---------------

OS:DISTRIB_ID=Ubuntu
DISTRIB_RELEASE=17.10
DISTRIB_CODENAME=artful
DISTRIB_DESCRIPTION="Ubuntu 17.10"

uname:Linux 4.13.0-46-generic #51-Ubuntu SMP Tue Jun 12 12:36:29 UTC 2018 x86_64
libc:glibc 2.26 NPTL 2.26 
rlimit: STACK 8192k, CORE 0k, NPROC 30963, NOFILE 4096, AS infinity
load average:78.42 53.61 25.14

/proc/meminfo:
MemTotal:        8038648 kB
MemFree:          117920 kB
MemAvailable:      68764 kB
Buffers:            4364 kB
Cached:           712728 kB
SwapCached:          488 kB
Active:          6254068 kB
Inactive:        1332024 kB
Active(anon):    6221476 kB
Inactive(anon):  1250208 kB
Active(file):      32592 kB
Inactive(file):    81816 kB
Unevictable:          32 kB
Mlocked:              32 kB
SwapTotal:       2097148 kB
SwapFree:             24 kB
Dirty:               324 kB
Writeback:             0 kB
AnonPages:       6868804 kB
Mapped:            80812 kB
Shmem:            605876 kB
Slab:             174900 kB
SReclaimable:      67140 kB
SUnreclaim:       107760 kB
KernelStack:       19856 kB
PageTables:        71732 kB
NFS_Unstable:          0 kB
Bounce:                0 kB
WritebackTmp:          0 kB
CommitLimit:     6116472 kB
Committed_AS:   18010944 kB
VmallocTotal:   34359738367 kB
VmallocUsed:           0 kB
VmallocChunk:          0 kB
HardwareCorrupted:     0 kB
AnonHugePages:         0 kB
ShmemHugePages:        0 kB
ShmemPmdMapped:        0 kB
CmaTotal:              0 kB
CmaFree:               0 kB
HugePages_Total:       0
HugePages_Free:        0
HugePages_Rsvd:        0
HugePages_Surp:        0
Hugepagesize:       2048 kB
DirectMap4k:      224308 kB
DirectMap2M:     6985728 kB
DirectMap1G:     1048576 kB


CPU:total 4 (initial active 4) (2 cores per cpu, 2 threads per core) family 6 model 142 stepping 9, cmov, cx8, fxsr, mmx, sse, sse2, sse3, ssse3, sse4.1, sse4.2, popcnt, avx, avx2, aes, clmul, erms, 3dnowpref, lzcnt, ht, tsc, tscinvbit, bmi1, bmi2, adx

/proc/cpuinfo:
processor	: 0
vendor_id	: GenuineIntel
cpu family	: 6
model		: 142
model name	: Intel(R) Core(TM) i5-7200U CPU @ 2.50GHz
stepping	: 9
microcode	: 0x84
cpu MHz		: 2700.000
cache size	: 3072 KB
physical id	: 0
siblings	: 4
core id		: 0
cpu cores	: 2
apicid		: 0
initial apicid	: 0
fpu		: yes
fpu_exception	: yes
cpuid level	: 22
wp		: yes
flags		: fpu vme de pse tsc msr pae mce cx8 apic sep mtrr pge mca cmov pat pse36 clflush dts acpi mmx fxsr sse sse2 ss ht tm pbe syscall nx pdpe1gb rdtscp lm constant_tsc art arch_perfmon pebs bts rep_good nopl xtopology nonstop_tsc cpuid aperfmperf tsc_known_freq pni pclmulqdq dtes64 monitor ds_cpl vmx est tm2 ssse3 sdbg fma cx16 xtpr pdcm pcid sse4_1 sse4_2 x2apic movbe popcnt tsc_deadline_timer aes xsave avx f16c rdrand lahf_lm abm 3dnowprefetch cpuid_fault epb invpcid_single pti retpoline intel_pt rsb_ctxsw spec_ctrl tpr_shadow vnmi flexpriority ept vpid fsgsbase tsc_adjust bmi1 avx2 smep bmi2 erms invpcid mpx rdseed adx smap clflushopt xsaveopt xsavec xgetbv1 xsaves dtherm ida arat pln pts hwp hwp_notify hwp_act_window hwp_epp
bugs		: cpu_meltdown spectre_v1 spectre_v2 spec_store_bypass
bogomips	: 5424.00
clflush size	: 64
cache_alignment	: 64
address sizes	: 39 bits physical, 48 bits virtual
power management:

processor	: 1
vendor_id	: GenuineIntel
cpu family	: 6
model		: 142
model name	: Intel(R) Core(TM) i5-7200U CPU @ 2.50GHz
stepping	: 9
microcode	: 0x84
cpu MHz		: 2700.000
cache size	: 3072 KB
physical id	: 0
siblings	: 4
core id		: 1
cpu cores	: 2
apicid		: 2
initial apicid	: 2
fpu		: yes
fpu_exception	: yes
cpuid level	: 22
wp		: yes
flags		: fpu vme de pse tsc msr pae mce cx8 apic sep mtrr pge mca cmov pat pse36 clflush dts acpi mmx fxsr sse sse2 ss ht tm pbe syscall nx pdpe1gb rdtscp lm constant_tsc art arch_perfmon pebs bts rep_good nopl xtopology nonstop_tsc cpuid aperfmperf tsc_known_freq pni pclmulqdq dtes64 monitor ds_cpl vmx est tm2 ssse3 sdbg fma cx16 xtpr pdcm pcid sse4_1 sse4_2 x2apic movbe popcnt tsc_deadline_timer aes xsave avx f16c rdrand lahf_lm abm 3dnowprefetch cpuid_fault epb invpcid_single pti retpoline intel_pt rsb_ctxsw spec_ctrl tpr_shadow vnmi flexpriority ept vpid fsgsbase tsc_adjust bmi1 avx2 smep bmi2 erms invpcid mpx rdseed adx smap clflushopt xsaveopt xsavec xgetbv1 xsaves dtherm ida arat pln pts hwp hwp_notify hwp_act_window hwp_epp
bugs		: cpu_meltdown spectre_v1 spectre_v2 spec_store_bypass
bogomips	: 5424.00
clflush size	: 64
cache_alignment	: 64
address sizes	: 39 bits physical, 48 bits virtual
power management:

processor	: 2
vendor_id	: GenuineIntel
cpu family	: 6
model		: 142
model name	: Intel(R) Core(TM) i5-7200U CPU @ 2.50GHz
stepping	: 9
microcode	: 0x84
cpu MHz		: 2699.999
cache size	: 3072 KB
physical id	: 0
siblings	: 4
core id		: 0
cpu cores	: 2
apicid		: 1
initial apicid	: 1
fpu		: yes
fpu_exception	: yes
cpuid level	: 22
wp		: yes
flags		: fpu vme de pse tsc msr pae mce cx8 apic sep mtrr pge mca cmov pat pse36 clflush dts acpi mmx fxsr sse sse2 ss ht tm pbe syscall nx pdpe1gb rdtscp lm constant_tsc art arch_perfmon pebs bts rep_good nopl xtopology nonstop_tsc cpuid aperfmperf tsc_known_freq pni pclmulqdq dtes64 monitor ds_cpl vmx est tm2 ssse3 sdbg fma cx16 xtpr pdcm pcid sse4_1 sse4_2 x2apic movbe popcnt tsc_deadline_timer aes xsave avx f16c rdrand lahf_lm abm 3dnowprefetch cpuid_fault epb invpcid_single pti retpoline intel_pt rsb_ctxsw spec_ctrl tpr_shadow vnmi flexpriority ept vpid fsgsbase tsc_adjust bmi1 avx2 smep bmi2 erms invpcid mpx rdseed adx smap clflushopt xsaveopt xsavec xgetbv1 xsaves dtherm ida arat pln pts hwp hwp_notify hwp_act_window hwp_epp
bugs		: cpu_meltdown spectre_v1 spectre_v2 spec_store_bypass
bogomips	: 5424.00
clflush size	: 64
cache_alignment	: 64
address sizes	: 39 bits physical, 48 bits virtual
power management:

processor	: 3
vendor_id	: GenuineIntel
cpu family	: 6
model		: 142
model name	: Intel(R) Core(TM) i5-7200U CPU @ 2.50GHz
stepping	: 9
microcode	: 0x84
cpu MHz		: 2699.999
cache size	: 3072 KB
physical id	: 0
siblings	: 4
core id		: 1
cpu cores	: 2
apicid		: 3
initial apicid	: 3
fpu		: yes
fpu_exception	: yes
cpuid level	: 22
wp		: yes
flags		: fpu vme de pse tsc msr pae mce cx8 apic sep mtrr pge mca cmov pat pse36 clflush dts acpi mmx fxsr sse sse2 ss ht tm pbe syscall nx pdpe1gb rdtscp lm constant_tsc art arch_perfmon pebs bts rep_good nopl xtopology nonstop_tsc cpuid aperfmperf tsc_known_freq pni pclmulqdq dtes64 monitor ds_cpl vmx est tm2 ssse3 sdbg fma cx16 xtpr pdcm pcid sse4_1 sse4_2 x2apic movbe popcnt tsc_deadline_timer aes xsave avx f16c rdrand lahf_lm abm 3dnowprefetch cpuid_fault epb invpcid_single pti retpoline intel_pt rsb_ctxsw spec_ctrl tpr_shadow vnmi flexpriority ept vpid fsgsbase tsc_adjust bmi1 avx2 smep bmi2 erms invpcid mpx rdseed adx smap clflushopt xsaveopt xsavec xgetbv1 xsaves dtherm ida arat pln pts hwp hwp_notify hwp_act_window hwp_epp
bugs		: cpu_meltdown spectre_v1 spectre_v2 spec_store_bypass
bogomips	: 5424.00
clflush size	: 64
cache_alignment	: 64
address sizes	: 39 bits physical, 48 bits virtual
power management:



Memory: 4k page, physical 8038648k(109900k free), swap 2097148k(0k free)

vm_info: Java HotSpot(TM) 64-Bit Server VM (25.181-b13) for linux-amd64 JRE (1.8.0_181-b13), built on Jul  7 2018 00:56:38 by "java_re" with gcc 4.3.0 20080428 (Red Hat 4.3.0-8)

time: Sat Nov 23 15:42:28 2019
elapsed time: 111 seconds (0d 0h 1m 51s)

