#
# There is insufficient memory for the Java Runtime Environment to continue.
# Native memory allocation (mmap) failed to map 44564480 bytes for committing reserved memory.
# Possible reasons:
#   The system is out of physical RAM or swap space
#   In 32 bit mode, the process size limit was hit
# Possible solutions:
#   Reduce memory load on the system
#   Increase physical memory or swap space
#   Check if swap backing store is full
#   Use 64 bit Java on a 64 bit OS
#   Decrease Java heap size (-Xmx/-Xms)
#   Decrease number of Java threads
#   Decrease Java thread stack sizes (-Xss)
#   Set larger code cache with -XX:ReservedCodeCacheSize=
# This output file may be truncated or incomplete.
#
#  Out of Memory Error (os_linux.cpp:2640), pid=20146, tid=0x00007f4932e05700
#
# JRE version: Java(TM) SE Runtime Environment (8.0_181-b13) (build 1.8.0_181-b13)
# Java VM: Java HotSpot(TM) 64-Bit Server VM (25.181-b13 mixed mode linux-amd64 compressed oops)
# Failed to write core dump. Core dumps have been disabled. To enable core dumping, try "ulimit -c unlimited" before starting Java again
#

---------------  T H R E A D  ---------------

Current thread (0x00007f4948140800):  VMThread [stack: 0x00007f4932d05000,0x00007f4932e06000] [id=20156]

Stack: [0x00007f4932d05000,0x00007f4932e06000],  sp=0x00007f4932e03fd0,  free space=1019k
Native frames: (J=compiled Java code, j=interpreted, Vv=VM code, C=native code)
V  [libjvm.so+0xad21aa]  VMError::report_and_die()+0x2ba
V  [libjvm.so+0x5022db]  report_vm_out_of_memory(char const*, int, unsigned long, VMErrorType, char const*)+0x8b
V  [libjvm.so+0x92fe33]  os::Linux::commit_memory_impl(char*, unsigned long, bool)+0x123
V  [libjvm.so+0x930059]  os::pd_commit_memory(char*, unsigned long, unsigned long, bool)+0x29
V  [libjvm.so+0x9272ba]  os::commit_memory(char*, unsigned long, unsigned long, bool)+0x2a
V  [libjvm.so+0x99d2e3]  PSVirtualSpace::expand_by(unsigned long)+0x53
V  [libjvm.so+0x99e6e8]  PSYoungGen::resize_generation(unsigned long, unsigned long)+0xf8
V  [libjvm.so+0x99d842]  PSYoungGen::resize(unsigned long, unsigned long)+0x22
V  [libjvm.so+0x99ab1b]  PSScavenge::invoke_no_policy()+0xf3b
V  [libjvm.so+0x99b2a1]  PSScavenge::invoke()+0x41
V  [libjvm.so+0x951d70]  ParallelScavengeHeap::failed_mem_allocate(unsigned long)+0x70
V  [libjvm.so+0xad3c27]  VM_ParallelGCFailedAllocation::doit()+0x97
V  [libjvm.so+0xadb745]  VM_Operation::evaluate()+0x55
V  [libjvm.so+0xad9b0a]  VMThread::evaluate_operation(VM_Operation*)+0xba
V  [libjvm.so+0xad9e8e]  VMThread::loop()+0x1ce
V  [libjvm.so+0xada300]  VMThread::run()+0x70
V  [libjvm.so+0x930198]  java_start(Thread*)+0x108

VM_Operation (0x00007f4931a39490): ParallelGCFailedAllocation, mode: safepoint, requested by thread 0x00007f48f804c800


---------------  P R O C E S S  ---------------

Java Threads: ( => current thread )
  0x00007f48f804c800 JavaThread "process reaper" daemon [_thread_blocked, id=20323, stack(0x00007f4931a02000,0x00007f4931a3b000)]
  0x00007f48f8060800 JavaThread "process reaper" daemon [_thread_blocked, id=20309, stack(0x00007f49300ef000,0x00007f4930128000)]
  0x00007f494823a800 JavaThread "surefire-forkedjvm-ping-30s" daemon [_thread_blocked, id=20180, stack(0x00007f4931e16000,0x00007f4931f17000)]
  0x00007f4948224800 JavaThread "surefire-forkedjvm-command-thread" daemon [_thread_in_native, id=20165, stack(0x00007f4932120000,0x00007f4932221000)]
  0x00007f4948191000 JavaThread "Service Thread" daemon [_thread_blocked, id=20163, stack(0x00007f4932322000,0x00007f4932423000)]
  0x00007f4948186000 JavaThread "C1 CompilerThread2" daemon [_thread_blocked, id=20162, stack(0x00007f4932423000,0x00007f4932524000)]
  0x00007f4948184000 JavaThread "C2 CompilerThread1" daemon [_thread_blocked, id=20161, stack(0x00007f4932524000,0x00007f4932625000)]
  0x00007f4948181000 JavaThread "C2 CompilerThread0" daemon [_thread_blocked, id=20160, stack(0x00007f4932625000,0x00007f4932726000)]
  0x00007f494817f800 JavaThread "Signal Dispatcher" daemon [_thread_blocked, id=20159, stack(0x00007f4932726000,0x00007f4932827000)]
  0x00007f494814c800 JavaThread "Finalizer" daemon [_thread_blocked, id=20158, stack(0x00007f4932b03000,0x00007f4932c04000)]
  0x00007f494814a000 JavaThread "Reference Handler" daemon [_thread_blocked, id=20157, stack(0x00007f4932c04000,0x00007f4932d05000)]
  0x00007f494800b000 JavaThread "main" [_thread_blocked, id=20150, stack(0x00007f494f5e4000,0x00007f494f6e5000)]

Other Threads:
=>0x00007f4948140800 VMThread [stack: 0x00007f4932d05000,0x00007f4932e06000] [id=20156]
  0x00007f4948195800 WatcherThread [stack: 0x00007f4932221000,0x00007f4932322000] [id=20164]

VM state:at safepoint (normal execution)

VM Mutex/Monitor currently owned by a thread:  ([mutex/lock_event])
[0x00007f49480076d0] Threads_lock - owner thread: 0x00007f4948140800
[0x00007f4948007bd0] Heap_lock - owner thread: 0x00007f48f804c800

Heap:
 PSYoungGen      total 112128K, used 7669K [0x00000000d7180000, 0x00000000dfa00000, 0x0000000100000000)
  eden space 104448K, 0% used [0x00000000d7180000,0x00000000d7180000,0x00000000dd780000)
  from space 7680K, 99% used [0x00000000deb00000,0x00000000df27d4e0,0x00000000df280000)
  to   space 5120K, 0% used [0x00000000df500000,0x00000000df500000,0x00000000dfa00000)
 ParOldGen       total 51712K, used 8233K [0x0000000085400000, 0x0000000088680000, 0x00000000d7180000)
  object space 51712K, 15% used [0x0000000085400000,0x0000000085c0a4e0,0x0000000088680000)
 Metaspace       used 29062K, capacity 30752K, committed 30848K, reserved 1075200K
  class space    used 3899K, capacity 4223K, committed 4224K, reserved 1048576K

Card table byte_map: [0x00007f4938c29000,0x00007f4939000000] byte_map_base: 0x00007f49387ff000

Marking Bits: (ParMarkBitMap*) 0x00007f494ea990a0
 Begin Bits: [0x00007f4934ac5000, 0x00007f4936975000)
 End Bits:   [0x00007f4936975000, 0x00007f4938825000)

Polling page: 0x00007f494f705000

CodeCache: size=245760Kb used=7442Kb max_used=8041Kb free=238317Kb
 bounds [0x00007f4939000000, 0x00007f49397f0000, 0x00007f4948000000]
 total_blobs=2753 nmethods=2363 adapters=303
 compilation: enabled

Compilation events (10 events):
Event: 539.880 Thread 0x00007f4948186000 nmethod 2700 0x00007f4939166850 code [0x00007f49391669e0, 0x00007f4939166d08]
Event: 539.896 Thread 0x00007f4948186000 2701       3       org.springframework.util.PropertyPlaceholderHelper::parseStringValue (423 bytes)
Event: 540.100 Thread 0x00007f4948184000 2708       4       java.util.RegularEnumSet::contains (57 bytes)
Event: 540.584 Thread 0x00007f4948186000 nmethod 2701 0x00007f49394e84d0 code [0x00007f49394e8ae0, 0x00007f49394eca18]
Event: 540.639 Thread 0x00007f4948184000 nmethod 2708 0x00007f4939757990 code [0x00007f4939757ae0, 0x00007f4939757bd8]
Event: 540.673 Thread 0x00007f4948181000 2709       4       java.util.concurrent.CopyOnWriteArrayList$COWIterator::hasNext (18 bytes)
Event: 540.674 Thread 0x00007f4948181000 nmethod 2709 0x00007f49391e6350 code [0x00007f49391e64a0, 0x00007f49391e6538]
Event: 540.708 Thread 0x00007f4948186000 2710       3       org.springframework.beans.BeanMetadataAttributeAccessor::getAttribute (22 bytes)
Event: 541.478 Thread 0x00007f4948186000 nmethod 2710 0x00007f49393ef350 code [0x00007f49393ef500, 0x00007f49393efa38]
Event: 541.499 Thread 0x00007f4948186000 2702       3       org.springframework.core.env.AbstractPropertyResolver::doResolvePlaceholders (12 bytes)

GC Heap History (10 events):
Event: 1.423 GC heap after
Heap after GC invocations=3 (full 0):
 PSYoungGen      total 36864K, used 5094K [0x00000000d7180000, 0x00000000db980000, 0x0000000100000000)
  eden space 31744K, 0% used [0x00000000d7180000,0x00000000d7180000,0x00000000d9080000)
  from space 5120K, 99% used [0x00000000d9080000,0x00000000d9579b60,0x00000000d9580000)
  to   space 5120K, 0% used [0x00000000db480000,0x00000000db480000,0x00000000db980000)
 ParOldGen       total 84992K, used 715K [0x0000000085400000, 0x000000008a700000, 0x00000000d7180000)
  object space 84992K, 0% used [0x0000000085400000,0x00000000854b2f90,0x000000008a700000)
 Metaspace       used 15708K, capacity 16714K, committed 16896K, reserved 1064960K
  class space    used 2000K, capacity 2226K, committed 2304K, reserved 1048576K
}
Event: 1.635 GC heap before
{Heap before GC invocations=4 (full 0):
 PSYoungGen      total 36864K, used 36838K [0x00000000d7180000, 0x00000000db980000, 0x0000000100000000)
  eden space 31744K, 100% used [0x00000000d7180000,0x00000000d9080000,0x00000000d9080000)
  from space 5120K, 99% used [0x00000000d9080000,0x00000000d9579b60,0x00000000d9580000)
  to   space 5120K, 0% used [0x00000000db480000,0x00000000db480000,0x00000000db980000)
 ParOldGen       total 84992K, used 715K [0x0000000085400000, 0x000000008a700000, 0x00000000d7180000)
  object space 84992K, 0% used [0x0000000085400000,0x00000000854b2f90,0x000000008a700000)
 Metaspace       used 17933K, capacity 19170K, committed 19328K, reserved 1067008K
  class space    used 2402K, capacity 2660K, committed 2688K, reserved 1048576K
Event: 1.645 GC heap after
Heap after GC invocations=4 (full 0):
 PSYoungGen      total 68608K, used 5094K [0x00000000d7180000, 0x00000000db980000, 0x0000000100000000)
  eden space 63488K, 0% used [0x00000000d7180000,0x00000000d7180000,0x00000000daf80000)
  from space 5120K, 99% used [0x00000000db480000,0x00000000db979838,0x00000000db980000)
  to   space 5120K, 0% used [0x00000000daf80000,0x00000000daf80000,0x00000000db480000)
 ParOldGen       total 84992K, used 1591K [0x0000000085400000, 0x000000008a700000, 0x00000000d7180000)
  object space 84992K, 1% used [0x0000000085400000,0x000000008558dd78,0x000000008a700000)
 Metaspace       used 17933K, capacity 19170K, committed 19328K, reserved 1067008K
  class space    used 2402K, capacity 2660K, committed 2688K, reserved 1048576K
}
Event: 1.811 GC heap before
{Heap before GC invocations=5 (full 0):
 PSYoungGen      total 68608K, used 36429K [0x00000000d7180000, 0x00000000db980000, 0x0000000100000000)
  eden space 63488K, 49% used [0x00000000d7180000,0x00000000d9019f10,0x00000000daf80000)
  from space 5120K, 99% used [0x00000000db480000,0x00000000db979838,0x00000000db980000)
  to   space 5120K, 0% used [0x00000000daf80000,0x00000000daf80000,0x00000000db480000)
 ParOldGen       total 84992K, used 1591K [0x0000000085400000, 0x000000008a700000, 0x00000000d7180000)
  object space 84992K, 1% used [0x0000000085400000,0x000000008558dd78,0x000000008a700000)
 Metaspace       used 19933K, capacity 21124K, committed 21248K, reserved 1067008K
  class space    used 2723K, capacity 2981K, committed 3072K, reserved 1048576K
Event: 1.817 GC heap after
Heap after GC invocations=5 (full 0):
 PSYoungGen      total 68608K, used 5106K [0x00000000d7180000, 0x00000000dfc80000, 0x0000000100000000)
  eden space 63488K, 0% used [0x00000000d7180000,0x00000000d7180000,0x00000000daf80000)
  from space 5120K, 99% used [0x00000000daf80000,0x00000000db47ca58,0x00000000db480000)
  to   space 7680K, 0% used [0x00000000df500000,0x00000000df500000,0x00000000dfc80000)
 ParOldGen       total 84992K, used 3422K [0x0000000085400000, 0x000000008a700000, 0x00000000d7180000)
  object space 84992K, 4% used [0x0000000085400000,0x0000000085757a60,0x000000008a700000)
 Metaspace       used 19933K, capacity 21124K, committed 21248K, reserved 1067008K
  class space    used 2723K, capacity 2981K, committed 3072K, reserved 1048576K
}
Event: 1.817 GC heap before
{Heap before GC invocations=6 (full 1):
 PSYoungGen      total 68608K, used 5106K [0x00000000d7180000, 0x00000000dfc80000, 0x0000000100000000)
  eden space 63488K, 0% used [0x00000000d7180000,0x00000000d7180000,0x00000000daf80000)
  from space 5120K, 99% used [0x00000000daf80000,0x00000000db47ca58,0x00000000db480000)
  to   space 7680K, 0% used [0x00000000df500000,0x00000000df500000,0x00000000dfc80000)
 ParOldGen       total 84992K, used 3422K [0x0000000085400000, 0x000000008a700000, 0x00000000d7180000)
  object space 84992K, 4% used [0x0000000085400000,0x0000000085757a60,0x000000008a700000)
 Metaspace       used 19933K, capacity 21124K, committed 21248K, reserved 1067008K
  class space    used 2723K, capacity 2981K, committed 3072K, reserved 1048576K
Event: 1.843 GC heap after
Heap after GC invocations=6 (full 1):
 PSYoungGen      total 68608K, used 0K [0x00000000d7180000, 0x00000000dfc80000, 0x0000000100000000)
  eden space 63488K, 0% used [0x00000000d7180000,0x00000000d7180000,0x00000000daf80000)
  from space 5120K, 0% used [0x00000000daf80000,0x00000000daf80000,0x00000000db480000)
  to   space 7680K, 0% used [0x00000000df500000,0x00000000df500000,0x00000000dfc80000)
 ParOldGen       total 51712K, used 6744K [0x0000000085400000, 0x0000000088680000, 0x00000000d7180000)
  object space 51712K, 13% used [0x0000000085400000,0x0000000085a961e8,0x0000000088680000)
 Metaspace       used 19928K, capacity 21118K, committed 21248K, reserved 1067008K
  class space    used 2721K, capacity 2978K, committed 3072K, reserved 1048576K
}
Event: 2.119 GC heap before
{Heap before GC invocations=7 (full 1):
 PSYoungGen      total 68608K, used 63436K [0x00000000d7180000, 0x00000000dfc80000, 0x0000000100000000)
  eden space 63488K, 99% used [0x00000000d7180000,0x00000000daf730c8,0x00000000daf80000)
  from space 5120K, 0% used [0x00000000daf80000,0x00000000daf80000,0x00000000db480000)
  to   space 7680K, 0% used [0x00000000df500000,0x00000000df500000,0x00000000dfc80000)
 ParOldGen       total 51712K, used 6744K [0x0000000085400000, 0x0000000088680000, 0x00000000d7180000)
  object space 51712K, 13% used [0x0000000085400000,0x0000000085a961e8,0x0000000088680000)
 Metaspace       used 23711K, capacity 25036K, committed 25344K, reserved 1071104K
  class space    used 3163K, capacity 3461K, committed 3584K, reserved 1048576K
Event: 2.126 GC heap after
Heap after GC invocations=7 (full 1):
 PSYoungGen      total 109568K, used 4785K [0x00000000d7180000, 0x00000000dfa00000, 0x0000000100000000)
  eden space 104448K, 0% used [0x00000000d7180000,0x00000000d7180000,0x00000000dd780000)
  from space 5120K, 93% used [0x00000000df500000,0x00000000df9ac580,0x00000000dfa00000)
  to   space 7680K, 0% used [0x00000000deb00000,0x00000000deb00000,0x00000000df280000)
 ParOldGen       total 51712K, used 6744K [0x0000000085400000, 0x0000000088680000, 0x00000000d7180000)
  object space 51712K, 13% used [0x0000000085400000,0x0000000085a961e8,0x0000000088680000)
 Metaspace       used 23711K, capacity 25036K, committed 25344K, reserved 1071104K
  class space    used 3163K, capacity 3461K, committed 3584K, reserved 1048576K
}
Event: 541.730 GC heap before
{Heap before GC invocations=8 (full 1):
 PSYoungGen      total 109568K, used 109233K [0x00000000d7180000, 0x00000000dfa00000, 0x0000000100000000)
  eden space 104448K, 100% used [0x00000000d7180000,0x00000000dd780000,0x00000000dd780000)
  from space 5120K, 93% used [0x00000000df500000,0x00000000df9ac580,0x00000000dfa00000)
  to   space 7680K, 0% used [0x00000000deb00000,0x00000000deb00000,0x00000000df280000)
 ParOldGen       total 51712K, used 6744K [0x0000000085400000, 0x0000000088680000, 0x00000000d7180000)
  object space 51712K, 13% used [0x0000000085400000,0x0000000085a961e8,0x0000000088680000)
 Metaspace       used 29062K, capacity 30752K, committed 30848K, reserved 1075200K
  class space    used 3899K, capacity 4223K, committed 4224K, reserved 1048576K

Deoptimization events (10 events):
Event: 208.720 Thread 0x00007f494800b000 Uncommon trap: reason=unstable_if action=reinterpret pc=0x00007f49397a7740 method=org.springframework.beans.factory.support.AbstractBeanFactory.isFactoryBean(Ljava/lang/String;Lorg/springframework/beans/factory/support/RootBeanDefinition;)Z @ 38
Event: 213.251 Thread 0x00007f494800b000 Uncommon trap: reason=unstable_if action=reinterpret pc=0x00007f493978fe94 method=org.springframework.beans.factory.support.AbstractBeanFactory.getMergedLocalBeanDefinition(Ljava/lang/String;)Lorg/springframework/beans/factory/support/RootBeanDefinition; 
Event: 232.719 Thread 0x00007f494800b000 Uncommon trap: reason=unstable_if action=reinterpret pc=0x00007f493979879c method=org.springframework.beans.factory.support.DefaultSingletonBeanRegistry.getSingleton(Ljava/lang/String;Z)Ljava/lang/Object; @ 20
Event: 242.714 Thread 0x00007f494800b000 Uncommon trap: reason=unstable_if action=reinterpret pc=0x00007f49396f1a50 method=java.net.URLClassLoader.definePackageInternal(Ljava/lang/String;Ljava/util/jar/Manifest;Ljava/net/URL;)V @ 11
Event: 243.160 Thread 0x00007f494800b000 Uncommon trap: reason=class_check action=maybe_recompile pc=0x00007f49396c6e84 method=org.springframework.util.ConcurrentReferenceHashMap$Segment.findInChain(Lorg/springframework/util/ConcurrentReferenceHashMap$Reference;Ljava/lang/Object;I)Lorg/springfra
Event: 243.164 Thread 0x00007f494800b000 Uncommon trap: reason=unstable_if action=reinterpret pc=0x00007f49396d2e2c method=java.net.URLClassLoader.definePackageInternal(Ljava/lang/String;Ljava/util/jar/Manifest;Ljava/net/URL;)V @ 11
Event: 243.182 Thread 0x00007f494800b000 Uncommon trap: reason=class_check action=maybe_recompile pc=0x00007f4939767dc0 method=org.springframework.util.ConcurrentReferenceHashMap$Segment.findInChain(Lorg/springframework/util/ConcurrentReferenceHashMap$Reference;Ljava/lang/Object;I)Lorg/springfra
Event: 247.201 Thread 0x00007f494800b000 Uncommon trap: reason=class_check action=maybe_recompile pc=0x00007f4939767dc0 method=org.springframework.util.ConcurrentReferenceHashMap$Segment.findInChain(Lorg/springframework/util/ConcurrentReferenceHashMap$Reference;Ljava/lang/Object;I)Lorg/springfra
Event: 301.864 Thread 0x00007f494800b000 Uncommon trap: reason=unstable_if action=reinterpret pc=0x00007f49397c54e0 method=org.springframework.beans.factory.support.AbstractBeanFactory.isTypeMatch(Ljava/lang/String;Lorg/springframework/core/ResolvableType;Z)Z @ 99
Event: 538.508 Thread 0x00007f494800b000 Uncommon trap: reason=unstable_if action=reinterpret pc=0x00007f49397ba88c method=org.springframework.beans.factory.support.AbstractAutowireCapableBeanFactory.predictBeanType(Ljava/lang/String;Lorg/springframework/beans/factory/support/RootBeanDefinition;

Classes redefined (0 events):
No events

Internal exceptions (10 events):
Event: 1.942 Thread 0x00007f494800b000 Exception <a 'java/lang/ClassNotFoundException': org/springframework/beans/factory/AwareCustomizer> (0x00000000d7ab6e60) thrown at [/HUDSON/workspace/8-2-build-linux-amd64/jdk8u181/11358/hotspot/src/share/vm/classfile/systemDictionary.cpp, line 210]
Event: 1.942 Thread 0x00007f494800b000 Exception <a 'java/lang/ClassNotFoundException': org/springframework/beans/factory/BeanClassLoaderAwareCustomizer> (0x00000000d7ad6c90) thrown at [/HUDSON/workspace/8-2-build-linux-amd64/jdk8u181/11358/hotspot/src/share/vm/classfile/systemDictionary.cpp, 
Event: 1.943 Thread 0x00007f494800b000 Exception <a 'java/lang/ClassNotFoundException': org/springframework/beans/factory/AwareCustomizer> (0x00000000d7af2158) thrown at [/HUDSON/workspace/8-2-build-linux-amd64/jdk8u181/11358/hotspot/src/share/vm/classfile/systemDictionary.cpp, line 210]
Event: 1.943 Thread 0x00007f494800b000 Exception <a 'java/lang/ClassNotFoundException': org/springframework/context/EnvironmentAwareCustomizer> (0x00000000d7b0e358) thrown at [/HUDSON/workspace/8-2-build-linux-amd64/jdk8u181/11358/hotspot/src/share/vm/classfile/systemDictionary.cpp, line 210]
Event: 1.944 Thread 0x00007f494800b000 Exception <a 'java/lang/ClassNotFoundException': org/springframework/beans/factory/AwareCustomizer> (0x00000000d7b29700) thrown at [/HUDSON/workspace/8-2-build-linux-amd64/jdk8u181/11358/hotspot/src/share/vm/classfile/systemDictionary.cpp, line 210]
Event: 2.226 Thread 0x00007f494800b000 Exception <a 'java/lang/IncompatibleClassChangeError': Found class java.lang.Object, but interface was expected> (0x00000000d8315b80) thrown at [/HUDSON/workspace/8-2-build-linux-amd64/jdk8u181/11358/hotspot/src/share/vm/interpreter/linkResolver.cpp, line
Event: 2.247 Thread 0x00007f49489f7000 Exception <a 'java/lang/IncompatibleClassChangeError': Found class java.lang.Object, but interface was expected> (0x00000000d84f0118) thrown at [/HUDSON/workspace/8-2-build-linux-amd64/jdk8u181/11358/hotspot/src/share/vm/interpreter/linkResolver.cpp, line
Event: 2.270 Thread 0x00007f494800b000 Exception <a 'java/lang/NoSuchMethodError': java.lang.Object.lambda$getAllAnnotationAttributes$0(Lorg/springframework/util/MultiValueMap;)Lorg/springframework/util/MultiValueMap;> (0x00000000d86b24d8) thrown at [/HUDSON/workspace/8-2-build-linux-amd64/jdk
Event: 2.271 Thread 0x00007f494800b000 Exception <a 'java/lang/NoSuchMethodError': java.lang.Object.lambda$identity$2(Ljava/lang/Object;)Ljava/lang/Object;> (0x00000000d86b5f58) thrown at [/HUDSON/workspace/8-2-build-linux-amd64/jdk8u181/11358/hotspot/src/share/vm/interpreter/linkResolver.cpp,
Event: 209.660 Thread 0x00007f494800b000 Exception <a 'java/lang/NoSuchMethodError': java.lang.Object.lambda$getRequiredAttribute$0(Ljava/lang/String;)Ljava/lang/IllegalArgumentException;> (0x00000000dbc76ba0) thrown at [/HUDSON/workspace/8-2-build-linux-amd64/jdk8u181/11358/hotspot/src/share/vm

Events (10 events):
Event: 541.560 Executing VM operation: RevokeBias done
Event: 541.600 Executing VM operation: RevokeBias
Event: 541.600 Executing VM operation: RevokeBias done
Event: 541.600 Executing VM operation: RevokeBias
Event: 541.600 Executing VM operation: RevokeBias done
Event: 541.600 Executing VM operation: RevokeBias
Event: 541.600 Executing VM operation: RevokeBias done
Event: 541.600 Executing VM operation: RevokeBias
Event: 541.600 Executing VM operation: RevokeBias done
Event: 541.624 Executing VM operation: ParallelGCFailedAllocation


Dynamic libraries:
00400000-00401000 r-xp 00000000 103:03 11298633                          /usr/lib/jvm/java-8-oracle/jre/bin/java
00600000-00601000 rw-p 00000000 103:03 11298633                          /usr/lib/jvm/java-8-oracle/jre/bin/java
01720000-01741000 rw-p 00000000 00:00 0                                  [heap]
85400000-88680000 rw-p 00000000 00:00 0 
88680000-d7180000 ---p 00000000 00:00 0 
d7180000-dfa00000 rw-p 00000000 00:00 0 
e2480000-100000000 ---p 00000000 00:00 0 
100000000-100420000 rw-p 00000000 00:00 0 
100420000-140000000 ---p 00000000 00:00 0 
7f48e4000000-7f48e40e7000 rw-p 00000000 00:00 0 
7f48e40e7000-7f48e8000000 ---p 00000000 00:00 0 
7f48ec000000-7f48ec021000 rw-p 00000000 00:00 0 
7f48ec021000-7f48f0000000 ---p 00000000 00:00 0 
7f48f0000000-7f48f03e2000 rw-p 00000000 00:00 0 
7f48f03e2000-7f48f4000000 ---p 00000000 00:00 0 
7f48f4000000-7f48f4021000 rw-p 00000000 00:00 0 
7f48f4021000-7f48f8000000 ---p 00000000 00:00 0 
7f48f8000000-7f48f8076000 rw-p 00000000 00:00 0 
7f48f8076000-7f48fc000000 ---p 00000000 00:00 0 
7f48fc000000-7f48fc021000 rw-p 00000000 00:00 0 
7f48fc021000-7f4900000000 ---p 00000000 00:00 0 
7f4900000000-7f4900021000 rw-p 00000000 00:00 0 
7f4900021000-7f4904000000 ---p 00000000 00:00 0 
7f4904000000-7f4905e08000 rw-p 00000000 00:00 0 
7f4905e08000-7f4908000000 ---p 00000000 00:00 0 
7f4908000000-7f4908f7a000 rw-p 00000000 00:00 0 
7f4908f7a000-7f490c000000 ---p 00000000 00:00 0 
7f490c000000-7f490c021000 rw-p 00000000 00:00 0 
7f490c021000-7f4910000000 ---p 00000000 00:00 0 
7f4910000000-7f4911c74000 rw-p 00000000 00:00 0 
7f4911c74000-7f4914000000 ---p 00000000 00:00 0 
7f4914000000-7f4914021000 rw-p 00000000 00:00 0 
7f4914021000-7f4918000000 ---p 00000000 00:00 0 
7f4918000000-7f4918021000 rw-p 00000000 00:00 0 
7f4918021000-7f491c000000 ---p 00000000 00:00 0 
7f491c000000-7f491c025000 rw-p 00000000 00:00 0 
7f491c025000-7f4920000000 ---p 00000000 00:00 0 
7f4920000000-7f49202b4000 rw-p 00000000 00:00 0 
7f49202b4000-7f4924000000 ---p 00000000 00:00 0 
7f4924000000-7f4924021000 rw-p 00000000 00:00 0 
7f4924021000-7f4928000000 ---p 00000000 00:00 0 
7f4928000000-7f4928021000 rw-p 00000000 00:00 0 
7f4928021000-7f492c000000 ---p 00000000 00:00 0 
7f492c000000-7f492c021000 rw-p 00000000 00:00 0 
7f492c021000-7f4930000000 ---p 00000000 00:00 0 
7f49300ef000-7f49300f2000 ---p 00000000 00:00 0 
7f49300f2000-7f4930328000 rw-p 00000000 00:00 0 
7f4930328000-7f4930528000 rw-p 00000000 00:00 0 
7f4930528000-7f493052b000 ---p 00000000 00:00 0 
7f493052b000-7f4930829000 rw-p 00000000 00:00 0 
7f4930829000-7f4930a29000 rw-p 00000000 00:00 0 
7f4930a29000-7f4930c29000 rw-p 00000000 00:00 0 
7f4930c29000-7f4930cbe000 r--s 0110e000 103:03 11298801                  /usr/lib/jvm/java-8-oracle/jre/lib/ext/jfxrt.jar
7f4930cbe000-7f4930ebe000 rw-p 00000000 00:00 0 
7f4930ebe000-7f4930ec1000 ---p 00000000 00:00 0 
7f4930ec1000-7f49311bf000 rw-p 00000000 00:00 0 
7f49311bf000-7f49311d5000 r-xp 00000000 103:03 11305065                  /usr/lib/jvm/java-8-oracle/jre/lib/amd64/libnet.so
7f49311d5000-7f49313d5000 ---p 00016000 103:03 11305065                  /usr/lib/jvm/java-8-oracle/jre/lib/amd64/libnet.so
7f49313d5000-7f49313d6000 rw-p 00016000 103:03 11305065                  /usr/lib/jvm/java-8-oracle/jre/lib/amd64/libnet.so
7f49313d6000-7f49313e7000 r-xp 00000000 103:03 11305068                  /usr/lib/jvm/java-8-oracle/jre/lib/amd64/libnio.so
7f49313e7000-7f49315e6000 ---p 00011000 103:03 11305068                  /usr/lib/jvm/java-8-oracle/jre/lib/amd64/libnio.so
7f49315e6000-7f49315e7000 rw-p 00010000 103:03 11305068                  /usr/lib/jvm/java-8-oracle/jre/lib/amd64/libnio.so
7f49315e7000-7f49317e7000 rw-p 00000000 00:00 0 
7f49317e7000-7f49319e7000 rw-p 00000000 00:00 0 
7f49319e7000-7f4931a02000 r--s 001d4000 103:03 11298803                  /usr/lib/jvm/java-8-oracle/jre/lib/ext/nashorn.jar
7f4931a02000-7f4931a05000 ---p 00000000 00:00 0 
7f4931a05000-7f4931a3b000 rw-p 00000000 00:00 0 
7f4931a3b000-7f4931a3e000 r--s 00015000 103:03 5925506                   /home/aron/.m2/repository/org/junit/platform/junit-platform-launcher/1.3.1/junit-platform-launcher-1.3.1.jar
7f4931a3e000-7f4931a41000 r--s 0000e000 103:03 5925502                   /home/aron/.m2/repository/org/apache/maven/surefire/surefire-junit-platform/2.22.2/surefire-junit-platform-2.22.2.jar
7f4931a41000-7f4931a42000 r--s 00000000 103:03 5423899                   /home/aron/.m2/repository/org/hamcrest/hamcrest-core/2.1/hamcrest-core-2.1.jar
7f4931a42000-7f4931a4a000 r--s 00045000 103:03 4604408                   /home/aron/.m2/repository/junit/junit/4.12/junit-4.12.jar
7f4931a4a000-7f4931a52000 r--s 00073000 103:03 5359966                   /home/aron/.m2/repository/org/apache/commons/commons-lang3/3.8.1/commons-lang3-3.8.1.jar
7f4931a52000-7f4931a69000 r--s 00198000 103:03 4556342                   /home/aron/.m2/repository/org/projectlombok/lombok/1.18.10/lombok-1.18.10.jar
7f4931a69000-7f4931a6e000 r--s 00025000 103:03 5923195                   /home/aron/.m2/repository/org/xmlunit/xmlunit-core/2.6.3/xmlunit-core-2.6.3.jar
7f4931a6e000-7f4931a7d000 r--s 00096000 103:03 4678520                   /home/aron/.m2/repository/org/springframework/spring-test/5.2.1.RELEASE/spring-test-5.2.1.RELEASE.jar
7f4931a7d000-7f4931a7e000 r--s 00005000 103:03 5357820                   /home/aron/.m2/repository/org/springframework/spring-jcl/5.2.1.RELEASE/spring-jcl-5.2.1.RELEASE.jar
7f4931a7e000-7f4931a99000 r--s 00143000 103:03 5186837                   /home/aron/.m2/repository/org/springframework/spring-core/5.2.1.RELEASE/spring-core-5.2.1.RELEASE.jar
7f4931a99000-7f4931a9a000 r--s 00004000 103:03 5923210                   /home/aron/.m2/repository/com/vaadin/external/google/android-json/0.0.20131108.vaadin1/android-json-0.0.20131108.vaadin1.jar
7f4931a9a000-7f4931a9c000 r--s 00006000 103:03 5923216                   /home/aron/.m2/repository/org/skyscreamer/jsonassert/1.5.0/jsonassert-1.5.0.jar
7f4931a9c000-7f4931a9e000 r--s 0000c000 103:03 4588087                   /home/aron/.m2/repository/org/objenesis/objenesis/2.6/objenesis-2.6.jar
7f4931a9e000-7f4931aa2000 r--s 0003c000 103:03 5342021                   /home/aron/.m2/repository/net/bytebuddy/byte-buddy-agent/1.10.2/byte-buddy-agent-1.10.2.jar
7f4931aa2000-7f4931ab3000 r--s 00080000 103:03 5923212                   /home/aron/.m2/repository/org/mockito/mockito-core/3.1.0/mockito-core-3.1.0.jar
7f4931ab3000-7f4931ab7000 r--s 0001b000 103:03 5923215                   /home/aron/.m2/repository/org/hamcrest/hamcrest/2.1/hamcrest-2.1.jar
7f4931ab7000-7f4931b1c000 r--s 003e1000 103:03 5923203                   /home/aron/.m2/repository/org/assertj/assertj-core/3.13.2/assertj-core-3.13.2.jar
7f4931b1c000-7f4931b1d000 r--s 00001000 103:03 5923211                   /home/aron/.m2/repository/org/mockito/mockito-junit-jupiter/3.1.0/mockito-junit-jupiter-3.1.0.jar
7f4931b1d000-7f4931b22000 r--s 00024000 103:03 5923204                   /home/aron/.m2/repository/org/junit/platform/junit-platform-engine/1.5.2/junit-platform-engine-1.5.2.jar
7f4931b22000-7f4931b27000 r--s 00031000 103:03 5923202                   /home/aron/.m2/repository/org/junit/jupiter/junit-jupiter-engine/5.5.2/junit-jupiter-engine-5.5.2.jar
7f4931b27000-7f4931b34000 r--s 0007a000 103:03 5923201                   /home/aron/.m2/repository/org/junit/jupiter/junit-jupiter-params/5.5.2/junit-jupiter-params-5.5.2.jar
7f4931b34000-7f4931b36000 r--s 00015000 103:03 5923206                   /home/aron/.m2/repository/org/junit/platform/junit-platform-commons/1.5.2/junit-platform-commons-1.5.2.jar
7f4931b36000-7f4931b37000 r--s 00001000 103:03 5342165                   /home/aron/.m2/repository/org/opentest4j/opentest4j/1.2.0/opentest4j-1.2.0.jar
7f4931b37000-7f4931b38000 r--s 00000000 103:03 5342160                   /home/aron/.m2/repository/org/apiguardian/apiguardian-api/1.1.0/apiguardian-api-1.1.0.jar
7f4931b38000-7f4931b3c000 r--s 0001f000 103:03 5923198                   /home/aron/.m2/repository/org/junit/jupiter/junit-jupiter-api/5.5.2/junit-jupiter-api-5.5.2.jar
7f4931b3c000-7f4931b3d000 r--s 00001000 103:03 5923196                   /home/aron/.m2/repository/org/junit/jupiter/junit-jupiter/5.5.2/junit-jupiter-5.5.2.jar
7f4931b3d000-7f4931b41000 r--s 00019000 103:03 5923190                   /home/aron/.m2/repository/jakarta/xml/bind/jakarta.xml.bind-api/2.3.2/jakarta.xml.bind-api-2.3.2.jar
7f4931b41000-7f4931b43000 r--s 0000c000 103:03 4901269                   /home/aron/.m2/repository/org/ow2/asm/asm/5.0.4/asm-5.0.4.jar
7f4931b43000-7f4931b45000 r--s 00006000 103:03 4818415                   /home/aron/.m2/repository/net/minidev/accessors-smart/1.2/accessors-smart-1.2.jar
7f4931b45000-7f4931b48000 r--s 0001b000 103:03 4581196                   /home/aron/.m2/repository/net/minidev/json-smart/2.3/json-smart-2.3.jar
7f4931b48000-7f4931b4e000 r--s 00031000 103:03 5923188                   /home/aron/.m2/repository/com/jayway/jsonpath/json-path/2.4.0/json-path-2.4.0.jar
7f4931b4e000-7f4931b54000 r--s 00021000 103:03 5933639                   /home/aron/.m2/repository/org/springframework/boot/spring-boot-test-autoconfigure/2.2.1.RELEASE/spring-boot-test-autoconfigure-2.2.1.RELEASE.jar
7f4931b54000-7f4931b5a000 r--s 0002e000 103:03 5933642                   /home/aron/.m2/repository/org/springframework/boot/spring-boot-test/2.2.1.RELEASE/spring-boot-test-2.2.1.RELEASE.jar
7f4931b5a000-7f4931b5b000 r--s 00000000 103:03 5933635                   /home/aron/.m2/repository/org/springframework/boot/spring-boot-starter-test/2.2.1.RELEASE/spring-boot-starter-test-2.2.1.RELEASE.jar
7f4931b5b000-7f4931b74000 r--s 00220000 103:03 4556497                   /home/aron/.m2/repository/mysql/mysql-connector-java/8.0.18/mysql-connector-java-8.0.18.jar
7f4931b74000-7f4931b9b000 r--s 0012c000 103:03 5357826                   /home/aron/.m2/repository/org/springframework/boot/spring-boot-autoconfigure/2.2.1.RELEASE/spring-boot-autoconfigure-2.2.1.RELEASE.jar
7f4931b9b000-7f4931bb2000 r--s 000e7000 103:03 5357822                   /home/aron/.m2/repository/org/springframework/boot/spring-boot/2.2.1.RELEASE/spring-boot-2.2.1.RELEASE.jar
7f4931bb2000-7f4931bb8000 r--s 00030000 103:03 5342175                   /home/aron/.m2/repository/org/springframework/boot/spring-boot-devtools/2.2.1.RELEASE/spring-boot-devtools-2.2.1.RELEASE.jar
7f4931bb8000-7f4931bbd000 r--s 00040000 103:03 5342016                   /home/aron/.m2/repository/org/springframework/spring-expression/5.2.1.RELEASE/spring-expression-5.2.1.RELEASE.jar
7f4931bbd000-7f4931bcf000 r--s 000d5000 103:03 4678672                   /home/aron/.m2/repository/org/springframework/spring-webmvc/5.2.1.RELEASE/spring-webmvc-5.2.1.RELEASE.jar
7f4931bcf000-7f4931bec000 r--s 0013d000 103:03 5342172                   /home/aron/.m2/repository/org/springframework/spring-web/5.2.1.RELEASE/spring-web-5.2.1.RELEASE.jar
7f4931bec000-7f4931c09000 r--s 000fe000 103:03 5357959                   /home/aron/.m2/repository/org/hibernate/validator/hibernate-validator/6.0.18.Final/hibernate-validator-6.0.18.Final.jar
7f4931c09000-7f4931c0e000 r--s 00012000 103:03 5915537                   /home/aron/.m2/repository/jakarta/validation/jakarta.validation-api/2.0.1/jakarta.validation-api-2.0.1.jar
7f4931c0e000-7f4931c0f000 r--s 00000000 103:03 5941001                   /home/aron/.m2/repository/org/springframework/boot/spring-boot-starter-validation/2.2.1.RELEASE/spring-boot-starter-validation-2.2.1.RELEASE.jar
7f4931c0f000-7f4931c14000 r--s 0003c000 103:03 5917340                   /home/aron/.m2/repository/org/apache/tomcat/embed/tomcat-embed-websocket/9.0.27/tomcat-embed-websocket-9.0.27.jar
7f4931c14000-7f4931c19000 r--s 0003a000 103:03 5915529                   /home/aron/.m2/repository/org/apache/tomcat/embed/tomcat-embed-el/9.0.27/tomcat-embed-el-9.0.27.jar
7f4931c19000-7f4931c44000 r--s 0030b000 103:03 5917343                   /home/aron/.m2/repository/org/apache/tomcat/embed/tomcat-embed-core/9.0.27/tomcat-embed-core-9.0.27.jar
7f4931c44000-7f4931c45000 r--s 00000000 103:03 5357954                   /home/aron/.m2/repository/org/springframework/boot/spring-boot-starter-tomcat/2.2.1.RELEASE/spring-boot-starter-tomcat-2.2.1.RELEASE.jar
7f4931c45000-7f4931c47000 r--s 00001000 103:03 5917334                   /home/aron/.m2/repository/com/fasterxml/jackson/module/jackson-module-parameter-names/2.10.0/jackson-module-parameter-names-2.10.0.jar
7f4931c47000-7f4931c4a000 r--s 00017000 103:03 5915542                   /home/aron/.m2/repository/com/fasterxml/jackson/datatype/jackson-datatype-jsr310/2.10.0/jackson-datatype-jsr310-2.10.0.jar
7f4931c4a000-7f4931c4c000 r--s 00007000 103:03 5915520                   /home/aron/.m2/repository/com/fasterxml/jackson/datatype/jackson-datatype-jdk8/2.10.0/jackson-datatype-jdk8-2.10.0.jar
7f4931c4c000-7f4931c51000 r--s 00051000 103:03 5915857                   /home/aron/.m2/repository/com/fasterxml/jackson/core/jackson-core/2.10.0/jackson-core-2.10.0.jar
7f4931c51000-7f4931c54000 r--s 0000e000 103:03 5915545                   /home/aron/.m2/repository/com/fasterxml/jackson/core/jackson-annotations/2.10.0/jackson-annotations-2.10.0.jar
7f4931c54000-7f4931c6a000 r--s 00141000 103:03 5915547                   /home/aron/.m2/repository/com/fasterxml/jackson/core/jackson-databind/2.10.0/jackson-databind-2.10.0.jar
7f4931c6a000-7f4931c6b000 r--s 00000000 103:03 5357955                   /home/aron/.m2/repository/org/springframework/boot/spring-boot-starter-json/2.2.1.RELEASE/spring-boot-starter-json-2.2.1.RELEASE.jar
7f4931c6b000-7f4931c72000 r--s 00044000 103:03 5915536                   /home/aron/.m2/repository/org/yaml/snakeyaml/1.25/snakeyaml-1.25.jar
7f4931c72000-7f4931c74000 r--s 00005000 103:03 5915858                   /home/aron/.m2/repository/jakarta/annotation/jakarta.annotation-api/1.3.5/jakarta.annotation-api-1.3.5.jar
7f4931c74000-7f4931c76000 r--s 00000000 103:03 5357830                   /home/aron/.m2/repository/org/slf4j/jul-to-slf4j/1.7.29/jul-to-slf4j-1.7.29.jar
7f4931c76000-7f4931c7c000 r--s 0003e000 103:03 5915530                   /home/aron/.m2/repository/org/apache/logging/log4j/log4j-api/2.12.1/log4j-api-2.12.1.jar
7f4931c7c000-7f4931c7e000 r--s 00003000 103:03 5915525                   /home/aron/.m2/repository/org/apache/logging/log4j/log4j-to-slf4j/2.12.1/log4j-to-slf4j-2.12.1.jar
7f4931c7e000-7f4931c89000 r--s 00069000 103:03 5359638                   /home/aron/.m2/repository/ch/qos/logback/logback-core/1.2.3/logback-core-1.2.3.jar
7f4931c89000-7f4931c8f000 r--s 00041000 103:03 5359637                   /home/aron/.m2/repository/ch/qos/logback/logback-classic/1.2.3/logback-classic-1.2.3.jar
7f4931c8f000-7f4931c90000 r--s 00000000 103:03 5357829                   /home/aron/.m2/repository/org/springframework/boot/spring-boot-starter-logging/2.2.1.RELEASE/spring-boot-starter-logging-2.2.1.RELEASE.jar
7f4931c90000-7f4931c91000 r--s 00000000 103:03 5357832                   /home/aron/.m2/repository/org/springframework/boot/spring-boot-starter/2.2.1.RELEASE/spring-boot-starter-2.2.1.RELEASE.jar
7f4931c91000-7f4931c92000 r--s 00000000 103:03 5357953                   /home/aron/.m2/repository/org/springframework/boot/spring-boot-starter-web/2.2.1.RELEASE/spring-boot-starter-web-2.2.1.RELEASE.jar
7f4931c92000-7f4931c94000 r--s 0000a000 103:03 4678681                   /home/aron/.m2/repository/org/springframework/spring-aspects/5.2.1.RELEASE/spring-aspects-5.2.1.RELEASE.jar
7f4931c94000-7f4931c96000 r--s 00009000 103:03 4556352                   /home/aron/.m2/repository/org/slf4j/slf4j-api/1.7.29/slf4j-api-1.7.29.jar
7f4931c96000-7f4931ca3000 r--s 0009b000 103:03 5260368                   /home/aron/.m2/repository/org/springframework/spring-beans/5.2.1.RELEASE/spring-beans-5.2.1.RELEASE.jar
7f4931ca3000-7f4931cac000 r--s 00044000 103:03 4678680                   /home/aron/.m2/repository/org/springframework/spring-tx/5.2.1.RELEASE/spring-tx-5.2.1.RELEASE.jar
7f4931cac000-7f4931cc7000 r--s 0010e000 103:03 5186832                   /home/aron/.m2/repository/org/springframework/spring-context/5.2.1.RELEASE/spring-context-5.2.1.RELEASE.jar
7f4931cc7000-7f4931ccc000 r--s 0002d000 103:03 4678671                   /home/aron/.m2/repository/org/springframework/spring-orm/5.2.1.RELEASE/spring-orm-5.2.1.RELEASE.jar
7f4931ccc000-7f4931ce5000 r--s 0010f000 103:03 5357950                   /home/aron/.m2/repository/org/springframework/data/spring-data-commons/2.2.1.RELEASE/spring-data-commons-2.2.1.RELEASE.jar
7f4931ce5000-7f4931ced000 r--s 00052000 103:03 5357948                   /home/aron/.m2/repository/org/springframework/data/spring-data-jpa/2.2.1.RELEASE/spring-data-jpa-2.2.1.RELEASE.jar
7f4931ced000-7f4931cf2000 r--s 00049000 103:03 4556472                   /home/aron/.m2/repository/com/sun/xml/fastinfoset/FastInfoset/1.2.16/FastInfoset-1.2.16.jar
7f4931cf2000-7f4931cf4000 r--s 00008000 103:03 4556470                   /home/aron/.m2/repository/org/jvnet/staxex/stax-ex/1.8.1/stax-ex-1.8.1.jar
7f4931cf4000-7f4931cf6000 r--s 00005000 103:03 4556468                   /home/aron/.m2/repository/com/sun/istack/istack-commons-runtime/3.0.8/istack-commons-runtime-3.0.8.jar
7f4931cf6000-7f4931cf8000 r--s 00010000 103:03 5342060                   /home/aron/.m2/repository/org/glassfish/jaxb/txw2/2.3.2/txw2-2.3.2.jar
7f4931cf8000-7f4931d0d000 r--s 000e3000 103:03 5342057                   /home/aron/.m2/repository/org/glassfish/jaxb/jaxb-runtime/2.3.2/jaxb-runtime-2.3.2.jar
7f4931d0d000-7f4931d10000 r--s 00010000 103:03 5357910                   /home/aron/.m2/repository/org/hibernate/common/hibernate-commons-annotations/5.1.0.Final/hibernate-commons-annotations-5.1.0.Final.jar
7f4931d10000-7f4931d15000 r--s 0004b000 103:03 4556462                   /home/aron/.m2/repository/org/dom4j/dom4j/2.1.1/dom4j-2.1.1.jar
7f4931d15000-7f4931d17000 r--s 0000f000 103:03 5357908                   /home/aron/.m2/repository/com/fasterxml/classmate/1.5.1/classmate-1.5.1.jar
7f4931d17000-7f4931d1a000 r--s 0002b000 103:03 5357906                   /home/aron/.m2/repository/org/jboss/jandex/2.0.5.Final/jandex-2.0.5.Final.jar
7f4931d1a000-7f4931d1f000 r--s 00068000 103:03 4581233                   /home/aron/.m2/repository/antlr/antlr/2.7.7/antlr-2.7.7.jar
7f4931d1f000-7f4931d67000 r--s 002e9000 103:03 5342019                   /home/aron/.m2/repository/net/bytebuddy/byte-buddy/1.10.2/byte-buddy-1.10.2.jar
7f4931d67000-7f4931d71000 r--s 000b4000 103:03 4556459                   /home/aron/.m2/repository/org/javassist/javassist/3.24.0-GA/javassist-3.24.0-GA.jar
7f4931d71000-7f4931df7000 r--s 0064e000 103:03 5357901                   /home/aron/.m2/repository/org/hibernate/hibernate-core/5.4.8.Final/hibernate-core-5.4.8.Final.jar
7f4931df7000-7f4931dfd000 r--s 00023000 103:03 5940996                   /home/aron/.m2/repository/jakarta/persistence/jakarta.persistence-api/2.2.3/jakarta.persistence-api-2.2.3.jar
7f4931dfd000-7f4931e16000 r--s 001da000 103:03 4556499                   /home/aron/.m2/repository/org/aspectj/aspectjweaver/1.9.4/aspectjweaver-1.9.4.jar
7f4931e16000-7f4931e19000 ---p 00000000 00:00 0 
7f4931e19000-7f4931f17000 rw-p 00000000 00:00 0 
7f4931f17000-7f4931f20000 r-xp 00000000 103:03 11305073                  /usr/lib/jvm/java-8-oracle/jre/lib/amd64/libmanagement.so
7f4931f20000-7f493211f000 ---p 00009000 103:03 11305073                  /usr/lib/jvm/java-8-oracle/jre/lib/amd64/libmanagement.so
7f493211f000-7f4932120000 rw-p 00008000 103:03 11305073                  /usr/lib/jvm/java-8-oracle/jre/lib/amd64/libmanagement.so
7f4932120000-7f4932123000 ---p 00000000 00:00 0 
7f4932123000-7f4932221000 rw-p 00000000 00:00 0 
7f4932221000-7f4932222000 ---p 00000000 00:00 0 
7f4932222000-7f4932322000 rw-p 00000000 00:00 0 
7f4932322000-7f4932325000 ---p 00000000 00:00 0 
7f4932325000-7f4932423000 rw-p 00000000 00:00 0 
7f4932423000-7f4932426000 ---p 00000000 00:00 0 
7f4932426000-7f4932524000 rw-p 00000000 00:00 0 
7f4932524000-7f4932527000 ---p 00000000 00:00 0 
7f4932527000-7f4932625000 rw-p 00000000 00:00 0 
7f4932625000-7f4932628000 ---p 00000000 00:00 0 
7f4932628000-7f4932726000 rw-p 00000000 00:00 0 
7f4932726000-7f4932729000 ---p 00000000 00:00 0 
7f4932729000-7f4932827000 rw-p 00000000 00:00 0 
7f4932827000-7f4932b03000 r--p 00000000 103:03 10944645                  /usr/lib/locale/locale-archive
7f4932b03000-7f4932b06000 ---p 00000000 00:00 0 
7f4932b06000-7f4932c04000 rw-p 00000000 00:00 0 
7f4932c04000-7f4932c07000 ---p 00000000 00:00 0 
7f4932c07000-7f4932d05000 rw-p 00000000 00:00 0 
7f4932d05000-7f4932d06000 ---p 00000000 00:00 0 
7f4932d06000-7f4933d15000 rw-p 00000000 00:00 0 
7f4933d15000-7f4933eef000 r--s 03d6b000 103:03 11298739                  /usr/lib/jvm/java-8-oracle/jre/lib/rt.jar
7f4933eef000-7f4938825000 rw-p 00000000 00:00 0 
7f4938825000-7f4938826000 ---p 00000000 00:00 0 
7f4938826000-7f4938926000 rw-p 00000000 00:00 0 
7f4938926000-7f4938927000 ---p 00000000 00:00 0 
7f4938927000-7f4938a27000 rw-p 00000000 00:00 0 
7f4938a27000-7f4938a28000 ---p 00000000 00:00 0 
7f4938a28000-7f4938b28000 rw-p 00000000 00:00 0 
7f4938b28000-7f4938b29000 ---p 00000000 00:00 0 
7f4938b29000-7f4938c43000 rw-p 00000000 00:00 0 
7f4938c43000-7f4938eb7000 ---p 00000000 00:00 0 
7f4938eb7000-7f4938efc000 rw-p 00000000 00:00 0 
7f4938efc000-7f4938fff000 ---p 00000000 00:00 0 
7f4938fff000-7f4939000000 rw-p 00000000 00:00 0 
7f4939000000-7f49397f0000 rwxp 00000000 00:00 0 
7f49397f0000-7f4948000000 ---p 00000000 00:00 0 
7f4948000000-7f4949091000 rw-p 00000000 00:00 0 
7f4949091000-7f494c000000 ---p 00000000 00:00 0 
7f494c000000-7f494c00a000 r--s 0005a000 103:03 4678678                   /home/aron/.m2/repository/org/springframework/spring-jdbc/5.2.1.RELEASE/spring-jdbc-5.2.1.RELEASE.jar
7f494c00a000-7f494c09a000 rw-p 00000000 00:00 0 
7f494c09a000-7f494c30f000 ---p 00000000 00:00 0 
7f494c30f000-7f494c32f000 rw-p 00000000 00:00 0 
7f494c32f000-7f494c6cf000 ---p 00000000 00:00 0 
7f494c6cf000-7f494c6ea000 r-xp 00000000 103:03 11305061                  /usr/lib/jvm/java-8-oracle/jre/lib/amd64/libzip.so
7f494c6ea000-7f494c8ea000 ---p 0001b000 103:03 11305061                  /usr/lib/jvm/java-8-oracle/jre/lib/amd64/libzip.so
7f494c8ea000-7f494c8eb000 rw-p 0001b000 103:03 11305061                  /usr/lib/jvm/java-8-oracle/jre/lib/amd64/libzip.so
7f494c8eb000-7f494c8f6000 r-xp 00000000 103:03 13467742                  /lib/x86_64-linux-gnu/libnss_files-2.26.so
7f494c8f6000-7f494caf5000 ---p 0000b000 103:03 13467742                  /lib/x86_64-linux-gnu/libnss_files-2.26.so
7f494caf5000-7f494caf6000 r--p 0000a000 103:03 13467742                  /lib/x86_64-linux-gnu/libnss_files-2.26.so
7f494caf6000-7f494caf7000 rw-p 0000b000 103:03 13467742                  /lib/x86_64-linux-gnu/libnss_files-2.26.so
7f494caf7000-7f494cafd000 rw-p 00000000 00:00 0 
7f494cafd000-7f494cb08000 r-xp 00000000 103:03 13467744                  /lib/x86_64-linux-gnu/libnss_nis-2.26.so
7f494cb08000-7f494cd07000 ---p 0000b000 103:03 13467744                  /lib/x86_64-linux-gnu/libnss_nis-2.26.so
7f494cd07000-7f494cd08000 r--p 0000a000 103:03 13467744                  /lib/x86_64-linux-gnu/libnss_nis-2.26.so
7f494cd08000-7f494cd09000 rw-p 0000b000 103:03 13467744                  /lib/x86_64-linux-gnu/libnss_nis-2.26.so
7f494cd09000-7f494cd20000 r-xp 00000000 103:03 13467739                  /lib/x86_64-linux-gnu/libnsl-2.26.so
7f494cd20000-7f494cf1f000 ---p 00017000 103:03 13467739                  /lib/x86_64-linux-gnu/libnsl-2.26.so
7f494cf1f000-7f494cf20000 r--p 00016000 103:03 13467739                  /lib/x86_64-linux-gnu/libnsl-2.26.so
7f494cf20000-7f494cf21000 rw-p 00017000 103:03 13467739                  /lib/x86_64-linux-gnu/libnsl-2.26.so
7f494cf21000-7f494cf23000 rw-p 00000000 00:00 0 
7f494cf23000-7f494cf2b000 r-xp 00000000 103:03 13467740                  /lib/x86_64-linux-gnu/libnss_compat-2.26.so
7f494cf2b000-7f494d12a000 ---p 00008000 103:03 13467740                  /lib/x86_64-linux-gnu/libnss_compat-2.26.so
7f494d12a000-7f494d12b000 r--p 00007000 103:03 13467740                  /lib/x86_64-linux-gnu/libnss_compat-2.26.so
7f494d12b000-7f494d12c000 rw-p 00008000 103:03 13467740                  /lib/x86_64-linux-gnu/libnss_compat-2.26.so
7f494d12c000-7f494d157000 r-xp 00000000 103:03 11305055                  /usr/lib/jvm/java-8-oracle/jre/lib/amd64/libjava.so
7f494d157000-7f494d356000 ---p 0002b000 103:03 11305055                  /usr/lib/jvm/java-8-oracle/jre/lib/amd64/libjava.so
7f494d356000-7f494d358000 rw-p 0002a000 103:03 11305055                  /usr/lib/jvm/java-8-oracle/jre/lib/amd64/libjava.so
7f494d358000-7f494d365000 r-xp 00000000 103:03 11305060                  /usr/lib/jvm/java-8-oracle/jre/lib/amd64/libverify.so
7f494d365000-7f494d565000 ---p 0000d000 103:03 11305060                  /usr/lib/jvm/java-8-oracle/jre/lib/amd64/libverify.so
7f494d565000-7f494d567000 rw-p 0000d000 103:03 11305060                  /usr/lib/jvm/java-8-oracle/jre/lib/amd64/libverify.so
7f494d567000-7f494d56e000 r-xp 00000000 103:03 13470853                  /lib/x86_64-linux-gnu/librt-2.26.so
7f494d56e000-7f494d76d000 ---p 00007000 103:03 13470853                  /lib/x86_64-linux-gnu/librt-2.26.so
7f494d76d000-7f494d76e000 r--p 00006000 103:03 13470853                  /lib/x86_64-linux-gnu/librt-2.26.so
7f494d76e000-7f494d76f000 rw-p 00007000 103:03 13470853                  /lib/x86_64-linux-gnu/librt-2.26.so
7f494d76f000-7f494d8c4000 r-xp 00000000 103:03 13467736                  /lib/x86_64-linux-gnu/libm-2.26.so
7f494d8c4000-7f494dac3000 ---p 00155000 103:03 13467736                  /lib/x86_64-linux-gnu/libm-2.26.so
7f494dac3000-7f494dac4000 r--p 00154000 103:03 13467736                  /lib/x86_64-linux-gnu/libm-2.26.so
7f494dac4000-7f494dac5000 rw-p 00155000 103:03 13467736                  /lib/x86_64-linux-gnu/libm-2.26.so
7f494dac5000-7f494e7a1000 r-xp 00000000 103:03 11305037                  /usr/lib/jvm/java-8-oracle/jre/lib/amd64/server/libjvm.so
7f494e7a1000-7f494e9a1000 ---p 00cdc000 103:03 11305037                  /usr/lib/jvm/java-8-oracle/jre/lib/amd64/server/libjvm.so
7f494e9a1000-7f494ea7b000 rw-p 00cdc000 103:03 11305037                  /usr/lib/jvm/java-8-oracle/jre/lib/amd64/server/libjvm.so
7f494ea7b000-7f494eac6000 rw-p 00000000 00:00 0 
7f494eac6000-7f494ec9c000 r-xp 00000000 103:03 13467732                  /lib/x86_64-linux-gnu/libc-2.26.so
7f494ec9c000-7f494ee9c000 ---p 001d6000 103:03 13467732                  /lib/x86_64-linux-gnu/libc-2.26.so
7f494ee9c000-7f494eea0000 r--p 001d6000 103:03 13467732                  /lib/x86_64-linux-gnu/libc-2.26.so
7f494eea0000-7f494eea2000 rw-p 001da000 103:03 13467732                  /lib/x86_64-linux-gnu/libc-2.26.so
7f494eea2000-7f494eea6000 rw-p 00000000 00:00 0 
7f494eea6000-7f494eea9000 r-xp 00000000 103:03 13467735                  /lib/x86_64-linux-gnu/libdl-2.26.so
7f494eea9000-7f494f0a8000 ---p 00003000 103:03 13467735                  /lib/x86_64-linux-gnu/libdl-2.26.so
7f494f0a8000-7f494f0a9000 r--p 00002000 103:03 13467735                  /lib/x86_64-linux-gnu/libdl-2.26.so
7f494f0a9000-7f494f0aa000 rw-p 00003000 103:03 13467735                  /lib/x86_64-linux-gnu/libdl-2.26.so
7f494f0aa000-7f494f0c0000 r-xp 00000000 103:03 11305032                  /usr/lib/jvm/java-8-oracle/jre/lib/amd64/jli/libjli.so
7f494f0c0000-7f494f2bf000 ---p 00016000 103:03 11305032                  /usr/lib/jvm/java-8-oracle/jre/lib/amd64/jli/libjli.so
7f494f2bf000-7f494f2c0000 rw-p 00015000 103:03 11305032                  /usr/lib/jvm/java-8-oracle/jre/lib/amd64/jli/libjli.so
7f494f2c0000-7f494f2da000 r-xp 00000000 103:03 13470791                  /lib/x86_64-linux-gnu/libpthread-2.26.so
7f494f2da000-7f494f4d9000 ---p 0001a000 103:03 13470791                  /lib/x86_64-linux-gnu/libpthread-2.26.so
7f494f4d9000-7f494f4da000 r--p 00019000 103:03 13470791                  /lib/x86_64-linux-gnu/libpthread-2.26.so
7f494f4da000-7f494f4db000 rw-p 0001a000 103:03 13470791                  /lib/x86_64-linux-gnu/libpthread-2.26.so
7f494f4db000-7f494f4df000 rw-p 00000000 00:00 0 
7f494f4df000-7f494f506000 r-xp 00000000 103:03 13467664                  /lib/x86_64-linux-gnu/ld-2.26.so
7f494f506000-7f494f508000 r--s 0000d000 103:03 5917349                   /home/aron/.m2/repository/org/jboss/logging/jboss-logging/3.4.1.Final/jboss-logging-3.4.1.Final.jar
7f494f508000-7f494f50a000 r--s 00009000 103:03 5923192                   /home/aron/.m2/repository/jakarta/activation/jakarta.activation-api/1.2.1/jakarta.activation-api-1.2.1.jar
7f494f50a000-7f494f513000 r--s 00052000 103:03 4926039                   /home/aron/.m2/repository/org/springframework/spring-aop/5.2.1.RELEASE/spring-aop-5.2.1.RELEASE.jar
7f494f513000-7f494f5e4000 rw-p 00000000 00:00 0 
7f494f5e4000-7f494f5e7000 ---p 00000000 00:00 0 
7f494f5e7000-7f494f6e9000 rw-p 00000000 00:00 0 
7f494f6e9000-7f494f6ea000 r--s 00003000 103:03 5940998                   /home/aron/.m2/repository/jakarta/transaction/jakarta.transaction-api/1.3.3/jakarta.transaction-api-1.3.3.jar
7f494f6ea000-7f494f6ed000 r--s 00023000 103:03 4556495                   /home/aron/.m2/repository/com/zaxxer/HikariCP/3.4.1/HikariCP-3.4.1.jar
7f494f6ed000-7f494f6ee000 r--s 00000000 103:03 5342154                   /home/aron/.m2/repository/org/springframework/boot/spring-boot-starter-jdbc/2.2.1.RELEASE/spring-boot-starter-jdbc-2.2.1.RELEASE.jar
7f494f6ee000-7f494f6ef000 r--s 00000000 103:03 5342152                   /home/aron/.m2/repository/org/springframework/boot/spring-boot-starter-aop/2.2.1.RELEASE/spring-boot-starter-aop-2.2.1.RELEASE.jar
7f494f6ef000-7f494f6f0000 r--s 00000000 103:03 5342150                   /home/aron/.m2/repository/org/springframework/boot/spring-boot-starter-data-jpa/2.2.1.RELEASE/spring-boot-starter-data-jpa-2.2.1.RELEASE.jar
7f494f6f0000-7f494f6f2000 r--s 00002000 103:03 5368591                   /home/aron/.m2/repository/org/apache/maven/surefire/surefire-logger-api/2.22.2/surefire-logger-api-2.22.2.jar
7f494f6f2000-7f494f6f7000 r--s 00029000 103:03 5368588                   /home/aron/.m2/repository/org/apache/maven/surefire/surefire-api/2.22.2/surefire-api-2.22.2.jar
7f494f6f7000-7f494f6fb000 r--s 0003f000 103:03 5368594                   /home/aron/.m2/repository/org/apache/maven/surefire/surefire-booter/2.22.2/surefire-booter-2.22.2.jar
7f494f6fb000-7f494f6fc000 r--s 00002000 103:03 5834585                   /home/aron/workspace/UpgradeJavaChallenge/target/surefire/surefirebooter3684467086599158589.jar
7f494f6fc000-7f494f704000 rw-s 00000000 103:03 5760665                   /tmp/hsperfdata_aron/20146
7f494f704000-7f494f705000 rw-p 00000000 00:00 0 
7f494f705000-7f494f706000 ---p 00000000 00:00 0 
7f494f706000-7f494f707000 r--p 00027000 103:03 13467664                  /lib/x86_64-linux-gnu/ld-2.26.so
7f494f707000-7f494f708000 rw-p 00028000 103:03 13467664                  /lib/x86_64-linux-gnu/ld-2.26.so
7f494f708000-7f494f709000 rw-p 00000000 00:00 0 
7ffdb50df000-7ffdb5101000 rw-p 00000000 00:00 0                          [stack]
7ffdb510b000-7ffdb510e000 r--p 00000000 00:00 0                          [vvar]
7ffdb510e000-7ffdb5110000 r-xp 00000000 00:00 0                          [vdso]
ffffffffff600000-ffffffffff601000 r-xp 00000000 00:00 0                  [vsyscall]

VM Arguments:
java_command: /home/aron/workspace/UpgradeJavaChallenge/target/surefire/surefirebooter3684467086599158589.jar /home/aron/workspace/UpgradeJavaChallenge/target/surefire 2019-11-23T15-43-00_109-jvmRun1 surefire3531584781616800996tmp surefire_0934539043114585331tmp
java_class_path (initial): /home/aron/workspace/UpgradeJavaChallenge/target/surefire/surefirebooter3684467086599158589.jar
Launcher Type: SUN_STANDARD

Environment Variables:
JAVA_HOME=/usr/lib/jvm/java-8-oracle
PATH=/home/aron/.sdkman/candidates/groovy/current/bin:/home/aron/.sdkman/candidates/gradle/current/bin:/usr/local/sbin:/usr/local/bin:/usr/sbin:/usr/bin:/sbin:/bin:/usr/games:/usr/local/games:/snap/bin:/usr/lib/jvm/java-8-oracle/bin:/usr/lib/jvm/java-8-oracle/db/bin:/usr/lib/jvm/java-8-oracle/jre/bin
USERNAME=aron
SHELL=/bin/bash
DISPLAY=:0

Signal Handlers:
SIGSEGV: [libjvm.so+0xad2a40], sa_mask[0]=11111111011111111101111111111110, sa_flags=SA_RESTART|SA_SIGINFO
SIGBUS: [libjvm.so+0xad2a40], sa_mask[0]=11111111011111111101111111111110, sa_flags=SA_RESTART|SA_SIGINFO
SIGFPE: [libjvm.so+0x92a610], sa_mask[0]=11111111011111111101111111111110, sa_flags=SA_RESTART|SA_SIGINFO
SIGPIPE: [libjvm.so+0x92a610], sa_mask[0]=11111111011111111101111111111110, sa_flags=SA_RESTART|SA_SIGINFO
SIGXFSZ: [libjvm.so+0x92a610], sa_mask[0]=11111111011111111101111111111110, sa_flags=SA_RESTART|SA_SIGINFO
SIGILL: [libjvm.so+0x92a610], sa_mask[0]=11111111011111111101111111111110, sa_flags=SA_RESTART|SA_SIGINFO
SIGUSR1: SIG_DFL, sa_mask[0]=00000000000000000000000000000000, sa_flags=none
SIGUSR2: [libjvm.so+0x92be70], sa_mask[0]=00100000000000000000000000000000, sa_flags=SA_RESTART|SA_SIGINFO
SIGHUP: [libjvm.so+0x92d270], sa_mask[0]=11111111011111111101111111111110, sa_flags=SA_RESTART|SA_SIGINFO
SIGINT: [libjvm.so+0x92d270], sa_mask[0]=11111111011111111101111111111110, sa_flags=SA_RESTART|SA_SIGINFO
SIGTERM: [libjvm.so+0x92d270], sa_mask[0]=11111111011111111101111111111110, sa_flags=SA_RESTART|SA_SIGINFO
SIGQUIT: [libjvm.so+0x92d270], sa_mask[0]=11111111011111111101111111111110, sa_flags=SA_RESTART|SA_SIGINFO


---------------  S Y S T E M  ---------------

OS:DISTRIB_ID=Ubuntu
DISTRIB_RELEASE=17.10
DISTRIB_CODENAME=artful
DISTRIB_DESCRIPTION="Ubuntu 17.10"

uname:Linux 4.13.0-46-generic #51-Ubuntu SMP Tue Jun 12 12:36:29 UTC 2018 x86_64
libc:glibc 2.26 NPTL 2.26 
rlimit: STACK 8192k, CORE 0k, NPROC 30963, NOFILE 4096, AS infinity
load average:38.01 51.19 39.53

/proc/meminfo:
MemTotal:        8038648 kB
MemFree:          106508 kB
MemAvailable:       7184 kB
Buffers:            1064 kB
Cached:           613016 kB
SwapCached:          556 kB
Active:          6325148 kB
Inactive:        1275284 kB
Active(anon):    6319456 kB
Inactive(anon):  1267596 kB
Active(file):       5692 kB
Inactive(file):     7688 kB
Unevictable:          32 kB
Mlocked:              32 kB
SwapTotal:       2097148 kB
SwapFree:              0 kB
Dirty:               144 kB
Writeback:             0 kB
AnonPages:       6986552 kB
Mapped:             9268 kB
Shmem:            600144 kB
Slab:             175212 kB
SReclaimable:      67832 kB
SUnreclaim:       107380 kB
KernelStack:       19360 kB
PageTables:        70660 kB
NFS_Unstable:          0 kB
Bounce:                0 kB
WritebackTmp:          0 kB
CommitLimit:     6116472 kB
Committed_AS:   17881980 kB
VmallocTotal:   34359738367 kB
VmallocUsed:           0 kB
VmallocChunk:          0 kB
HardwareCorrupted:     0 kB
AnonHugePages:         0 kB
ShmemHugePages:        0 kB
ShmemPmdMapped:        0 kB
CmaTotal:              0 kB
CmaFree:               0 kB
HugePages_Total:       0
HugePages_Free:        0
HugePages_Rsvd:        0
HugePages_Surp:        0
Hugepagesize:       2048 kB
DirectMap4k:      224308 kB
DirectMap2M:     6985728 kB
DirectMap1G:     1048576 kB


CPU:total 4 (initial active 4) (2 cores per cpu, 2 threads per core) family 6 model 142 stepping 9, cmov, cx8, fxsr, mmx, sse, sse2, sse3, ssse3, sse4.1, sse4.2, popcnt, avx, avx2, aes, clmul, erms, 3dnowpref, lzcnt, ht, tsc, tscinvbit, bmi1, bmi2, adx

/proc/cpuinfo:
processor	: 0
vendor_id	: GenuineIntel
cpu family	: 6
model		: 142
model name	: Intel(R) Core(TM) i5-7200U CPU @ 2.50GHz
stepping	: 9
microcode	: 0x84
cpu MHz		: 2699.998
cache size	: 3072 KB
physical id	: 0
siblings	: 4
core id		: 0
cpu cores	: 2
apicid		: 0
initial apicid	: 0
fpu		: yes
fpu_exception	: yes
cpuid level	: 22
wp		: yes
flags		: fpu vme de pse tsc msr pae mce cx8 apic sep mtrr pge mca cmov pat pse36 clflush dts acpi mmx fxsr sse sse2 ss ht tm pbe syscall nx pdpe1gb rdtscp lm constant_tsc art arch_perfmon pebs bts rep_good nopl xtopology nonstop_tsc cpuid aperfmperf tsc_known_freq pni pclmulqdq dtes64 monitor ds_cpl vmx est tm2 ssse3 sdbg fma cx16 xtpr pdcm pcid sse4_1 sse4_2 x2apic movbe popcnt tsc_deadline_timer aes xsave avx f16c rdrand lahf_lm abm 3dnowprefetch cpuid_fault epb invpcid_single pti retpoline intel_pt rsb_ctxsw spec_ctrl tpr_shadow vnmi flexpriority ept vpid fsgsbase tsc_adjust bmi1 avx2 smep bmi2 erms invpcid mpx rdseed adx smap clflushopt xsaveopt xsavec xgetbv1 xsaves dtherm ida arat pln pts hwp hwp_notify hwp_act_window hwp_epp
bugs		: cpu_meltdown spectre_v1 spectre_v2 spec_store_bypass
bogomips	: 5424.00
clflush size	: 64
cache_alignment	: 64
address sizes	: 39 bits physical, 48 bits virtual
power management:

processor	: 1
vendor_id	: GenuineIntel
cpu family	: 6
model		: 142
model name	: Intel(R) Core(TM) i5-7200U CPU @ 2.50GHz
stepping	: 9
microcode	: 0x84
cpu MHz		: 2700.000
cache size	: 3072 KB
physical id	: 0
siblings	: 4
core id		: 1
cpu cores	: 2
apicid		: 2
initial apicid	: 2
fpu		: yes
fpu_exception	: yes
cpuid level	: 22
wp		: yes
flags		: fpu vme de pse tsc msr pae mce cx8 apic sep mtrr pge mca cmov pat pse36 clflush dts acpi mmx fxsr sse sse2 ss ht tm pbe syscall nx pdpe1gb rdtscp lm constant_tsc art arch_perfmon pebs bts rep_good nopl xtopology nonstop_tsc cpuid aperfmperf tsc_known_freq pni pclmulqdq dtes64 monitor ds_cpl vmx est tm2 ssse3 sdbg fma cx16 xtpr pdcm pcid sse4_1 sse4_2 x2apic movbe popcnt tsc_deadline_timer aes xsave avx f16c rdrand lahf_lm abm 3dnowprefetch cpuid_fault epb invpcid_single pti retpoline intel_pt rsb_ctxsw spec_ctrl tpr_shadow vnmi flexpriority ept vpid fsgsbase tsc_adjust bmi1 avx2 smep bmi2 erms invpcid mpx rdseed adx smap clflushopt xsaveopt xsavec xgetbv1 xsaves dtherm ida arat pln pts hwp hwp_notify hwp_act_window hwp_epp
bugs		: cpu_meltdown spectre_v1 spectre_v2 spec_store_bypass
bogomips	: 5424.00
clflush size	: 64
cache_alignment	: 64
address sizes	: 39 bits physical, 48 bits virtual
power management:

processor	: 2
vendor_id	: GenuineIntel
cpu family	: 6
model		: 142
model name	: Intel(R) Core(TM) i5-7200U CPU @ 2.50GHz
stepping	: 9
microcode	: 0x84
cpu MHz		: 2699.999
cache size	: 3072 KB
physical id	: 0
siblings	: 4
core id		: 0
cpu cores	: 2
apicid		: 1
initial apicid	: 1
fpu		: yes
fpu_exception	: yes
cpuid level	: 22
wp		: yes
flags		: fpu vme de pse tsc msr pae mce cx8 apic sep mtrr pge mca cmov pat pse36 clflush dts acpi mmx fxsr sse sse2 ss ht tm pbe syscall nx pdpe1gb rdtscp lm constant_tsc art arch_perfmon pebs bts rep_good nopl xtopology nonstop_tsc cpuid aperfmperf tsc_known_freq pni pclmulqdq dtes64 monitor ds_cpl vmx est tm2 ssse3 sdbg fma cx16 xtpr pdcm pcid sse4_1 sse4_2 x2apic movbe popcnt tsc_deadline_timer aes xsave avx f16c rdrand lahf_lm abm 3dnowprefetch cpuid_fault epb invpcid_single pti retpoline intel_pt rsb_ctxsw spec_ctrl tpr_shadow vnmi flexpriority ept vpid fsgsbase tsc_adjust bmi1 avx2 smep bmi2 erms invpcid mpx rdseed adx smap clflushopt xsaveopt xsavec xgetbv1 xsaves dtherm ida arat pln pts hwp hwp_notify hwp_act_window hwp_epp
bugs		: cpu_meltdown spectre_v1 spectre_v2 spec_store_bypass
bogomips	: 5424.00
clflush size	: 64
cache_alignment	: 64
address sizes	: 39 bits physical, 48 bits virtual
power management:

processor	: 3
vendor_id	: GenuineIntel
cpu family	: 6
model		: 142
model name	: Intel(R) Core(TM) i5-7200U CPU @ 2.50GHz
stepping	: 9
microcode	: 0x84
cpu MHz		: 2700.000
cache size	: 3072 KB
physical id	: 0
siblings	: 4
core id		: 1
cpu cores	: 2
apicid		: 3
initial apicid	: 3
fpu		: yes
fpu_exception	: yes
cpuid level	: 22
wp		: yes
flags		: fpu vme de pse tsc msr pae mce cx8 apic sep mtrr pge mca cmov pat pse36 clflush dts acpi mmx fxsr sse sse2 ss ht tm pbe syscall nx pdpe1gb rdtscp lm constant_tsc art arch_perfmon pebs bts rep_good nopl xtopology nonstop_tsc cpuid aperfmperf tsc_known_freq pni pclmulqdq dtes64 monitor ds_cpl vmx est tm2 ssse3 sdbg fma cx16 xtpr pdcm pcid sse4_1 sse4_2 x2apic movbe popcnt tsc_deadline_timer aes xsave avx f16c rdrand lahf_lm abm 3dnowprefetch cpuid_fault epb invpcid_single pti retpoline intel_pt rsb_ctxsw spec_ctrl tpr_shadow vnmi flexpriority ept vpid fsgsbase tsc_adjust bmi1 avx2 smep bmi2 erms invpcid mpx rdseed adx smap clflushopt xsaveopt xsavec xgetbv1 xsaves dtherm ida arat pln pts hwp hwp_notify hwp_act_window hwp_epp
bugs		: cpu_meltdown spectre_v1 spectre_v2 spec_store_bypass
bogomips	: 5424.00
clflush size	: 64
cache_alignment	: 64
address sizes	: 39 bits physical, 48 bits virtual
power management:



Memory: 4k page, physical 8038648k(106640k free), swap 2097148k(0k free)

vm_info: Java HotSpot(TM) 64-Bit Server VM (25.181-b13) for linux-amd64 JRE (1.8.0_181-b13), built on Jul  7 2018 00:56:38 by "java_re" with gcc 4.3.0 20080428 (Red Hat 4.3.0-8)

time: Sat Nov 23 15:52:04 2019
elapsed time: 544 seconds (0d 0h 9m 4s)

